{"/home/travis/build/npmtest/node-npmtest-collections/test.js":{"path":"/home/travis/build/npmtest/node-npmtest-collections/test.js","s":{"1":2,"2":2,"3":2,"4":2,"5":2,"6":2,"7":2,"8":1,"9":2,"10":2,"11":1,"12":1,"13":1,"14":1,"15":2,"16":2,"17":2,"18":2,"19":1,"20":1,"21":2,"22":2,"23":2,"24":1,"25":1,"26":1,"27":1,"28":1,"29":1,"30":1,"31":1,"32":1,"33":1,"34":1,"35":1,"36":1,"37":1,"38":1,"39":2,"40":2,"41":1,"42":2,"43":2,"44":1,"45":2,"46":2,"47":1,"48":2,"49":2,"50":1,"51":1,"52":1,"53":1,"54":1},"b":{"1":[2,1,1,1],"2":[1,1,1,1],"3":[1,1],"4":[1,1],"5":[1,1],"6":[1,1],"7":[1,1],"8":[1,1],"9":[1,1],"10":[1,1,1],"11":[1,1],"12":[1,1],"13":[1,1],"14":[1,1],"15":[1,1],"16":[1,1],"17":[1,1]},"f":{"1":2,"2":2,"3":2,"4":2,"5":2,"6":1,"7":1,"8":1,"9":2,"10":2,"11":2,"12":2,"13":1},"fnMap":{"1":{"name":"(anonymous_1)","line":12,"loc":{"start":{"line":12,"column":1},"end":{"line":12,"column":13}}},"2":{"name":"(anonymous_2)","line":19,"loc":{"start":{"line":19,"column":5},"end":{"line":19,"column":17}}},"3":{"name":"(anonymous_3)","line":23,"loc":{"start":{"line":23,"column":24},"end":{"line":23,"column":36}}},"4":{"name":"(anonymous_4)","line":61,"loc":{"start":{"line":61,"column":5},"end":{"line":61,"column":17}}},"5":{"name":"(anonymous_5)","line":82,"loc":{"start":{"line":82,"column":5},"end":{"line":82,"column":17}}},"6":{"name":"(anonymous_6)","line":91,"loc":{"start":{"line":91,"column":77},"end":{"line":94,"column":10}}},"7":{"name":"(anonymous_7)","line":112,"loc":{"start":{"line":112,"column":83},"end":{"line":115,"column":10}},"skip":true},"8":{"name":"(anonymous_8)","line":123,"loc":{"start":{"line":123,"column":77},"end":{"line":126,"column":10}},"skip":true},"9":{"name":"(anonymous_9)","line":139,"loc":{"start":{"line":139,"column":12},"end":{"line":139,"column":40}},"skip":true},"10":{"name":"(anonymous_10)","line":147,"loc":{"start":{"line":147,"column":77},"end":{"line":150,"column":10}},"skip":true},"11":{"name":"(anonymous_11)","line":158,"loc":{"start":{"line":158,"column":83},"end":{"line":161,"column":10}},"skip":true},"12":{"name":"(anonymous_12)","line":169,"loc":{"start":{"line":169,"column":79},"end":{"line":172,"column":10}},"skip":true},"13":{"name":"(anonymous_13)","line":180,"loc":{"start":{"line":180,"column":75},"end":{"line":183,"column":10}},"skip":true}},"statementMap":{"1":{"start":{"line":12,"column":0},"end":{"line":195,"column":5}},"2":{"start":{"line":14,"column":4},"end":{"line":14,"column":14}},"3":{"start":{"line":19,"column":4},"end":{"line":56,"column":9}},"4":{"start":{"line":21,"column":8},"end":{"line":21,"column":19}},"5":{"start":{"line":23,"column":8},"end":{"line":35,"column":13}},"6":{"start":{"line":24,"column":12},"end":{"line":34,"column":13}},"7":{"start":{"line":25,"column":16},"end":{"line":28,"column":30}},"8":{"start":{"line":30,"column":16},"end":{"line":33,"column":27}},"9":{"start":{"line":37,"column":8},"end":{"line":39,"column":21}},"10":{"start":{"line":40,"column":8},"end":{"line":53,"column":9}},"11":{"start":{"line":43,"column":12},"end":{"line":46,"column":14}},"12":{"start":{"line":47,"column":12},"end":{"line":47,"column":18}},"13":{"start":{"line":50,"column":12},"end":{"line":51,"column":46}},"14":{"start":{"line":52,"column":12},"end":{"line":52,"column":18}},"15":{"start":{"line":55,"column":8},"end":{"line":55,"column":35}},"16":{"start":{"line":61,"column":4},"end":{"line":63,"column":9}},"17":{"start":{"line":62,"column":8},"end":{"line":62,"column":15}},"18":{"start":{"line":64,"column":4},"end":{"line":77,"column":5}},"19":{"start":{"line":70,"column":8},"end":{"line":70,"column":14}},"20":{"start":{"line":76,"column":8},"end":{"line":76,"column":14}},"21":{"start":{"line":82,"column":4},"end":{"line":84,"column":9}},"22":{"start":{"line":83,"column":8},"end":{"line":83,"column":15}},"23":{"start":{"line":85,"column":4},"end":{"line":194,"column":5}},"24":{"start":{"line":91,"column":8},"end":{"line":99,"column":10}},"25":{"start":{"line":98,"column":12},"end":{"line":98,"column":35}},"26":{"start":{"line":102,"column":8},"end":{"line":104,"column":63}},"27":{"start":{"line":105,"column":8},"end":{"line":105,"column":14}},"28":{"start":{"line":112,"column":8},"end":{"line":121,"column":10},"skip":true},"29":{"start":{"line":119,"column":12},"end":{"line":119,"column":55},"skip":true},"30":{"start":{"line":120,"column":12},"end":{"line":120,"column":48},"skip":true},"31":{"start":{"line":123,"column":8},"end":{"line":136,"column":10},"skip":true},"32":{"start":{"line":130,"column":12},"end":{"line":130,"column":76},"skip":true},"33":{"start":{"line":131,"column":12},"end":{"line":131,"column":73},"skip":true},"34":{"start":{"line":132,"column":12},"end":{"line":132,"column":74},"skip":true},"35":{"start":{"line":133,"column":12},"end":{"line":133,"column":79},"skip":true},"36":{"start":{"line":134,"column":12},"end":{"line":134,"column":25},"skip":true},"37":{"start":{"line":135,"column":12},"end":{"line":135,"column":45},"skip":true},"38":{"start":{"line":138,"column":8},"end":{"line":145,"column":14},"skip":true},"39":{"start":{"line":143,"column":16},"end":{"line":143,"column":29},"skip":true},"40":{"start":{"line":144,"column":16},"end":{"line":144,"column":55},"skip":true},"41":{"start":{"line":147,"column":8},"end":{"line":156,"column":10},"skip":true},"42":{"start":{"line":154,"column":12},"end":{"line":154,"column":25},"skip":true},"43":{"start":{"line":155,"column":12},"end":{"line":155,"column":45},"skip":true},"44":{"start":{"line":158,"column":8},"end":{"line":167,"column":10},"skip":true},"45":{"start":{"line":165,"column":12},"end":{"line":165,"column":25},"skip":true},"46":{"start":{"line":166,"column":12},"end":{"line":166,"column":48},"skip":true},"47":{"start":{"line":169,"column":8},"end":{"line":178,"column":10},"skip":true},"48":{"start":{"line":176,"column":12},"end":{"line":176,"column":25},"skip":true},"49":{"start":{"line":177,"column":12},"end":{"line":177,"column":46},"skip":true},"50":{"start":{"line":180,"column":8},"end":{"line":189,"column":10},"skip":true},"51":{"start":{"line":187,"column":12},"end":{"line":187,"column":94},"skip":true},"52":{"start":{"line":188,"column":12},"end":{"line":188,"column":48},"skip":true},"53":{"start":{"line":192,"column":8},"end":{"line":192,"column":35},"skip":true},"54":{"start":{"line":193,"column":8},"end":{"line":193,"column":14},"skip":true}},"branchMap":{"1":{"line":25,"type":"binary-expr","locations":[{"start":{"line":25,"column":23},"end":{"line":25,"column":62}},{"start":{"line":26,"column":20},"end":{"line":26,"column":70}},{"start":{"line":27,"column":20},"end":{"line":27,"column":71}},{"start":{"line":28,"column":20},"end":{"line":28,"column":29}}]},"2":{"line":30,"type":"binary-expr","locations":[{"start":{"line":30,"column":23},"end":{"line":30,"column":37}},{"start":{"line":31,"column":20},"end":{"line":31,"column":61}},{"start":{"line":32,"column":20},"end":{"line":32,"column":70}},{"start":{"line":33,"column":20},"end":{"line":33,"column":26}}]},"3":{"line":37,"type":"cond-expr","locations":[{"start":{"line":38,"column":14},"end":{"line":38,"column":20}},{"start":{"line":39,"column":14},"end":{"line":39,"column":20}}]},"4":{"line":40,"type":"switch","locations":[{"start":{"line":42,"column":8},"end":{"line":47,"column":18}},{"start":{"line":49,"column":8},"end":{"line":52,"column":18}}]},"5":{"line":44,"type":"binary-expr","locations":[{"start":{"line":44,"column":16},"end":{"line":44,"column":44}},{"start":{"line":44,"column":48},"end":{"line":44,"column":66}}]},"6":{"line":50,"type":"binary-expr","locations":[{"start":{"line":50,"column":21},"end":{"line":50,"column":49}},{"start":{"line":50,"column":53},"end":{"line":50,"column":72}}]},"7":{"line":64,"type":"switch","locations":[{"start":{"line":69,"column":4},"end":{"line":70,"column":14}},{"start":{"line":75,"column":4},"end":{"line":76,"column":14}}]},"8":{"line":85,"type":"switch","locations":[{"start":{"line":90,"column":4},"end":{"line":105,"column":14}},{"start":{"line":111,"column":4},"end":{"line":193,"column":14},"skip":true}]},"9":{"line":91,"type":"binary-expr","locations":[{"start":{"line":91,"column":42},"end":{"line":91,"column":73}},{"start":{"line":91,"column":77},"end":{"line":99,"column":9}}]},"10":{"line":102,"type":"binary-expr","locations":[{"start":{"line":102,"column":18},"end":{"line":102,"column":32}},{"start":{"line":103,"column":12},"end":{"line":103,"column":53}},{"start":{"line":104,"column":12},"end":{"line":104,"column":61}}]},"11":{"line":112,"type":"binary-expr","locations":[{"start":{"line":112,"column":45},"end":{"line":112,"column":79},"skip":true},{"start":{"line":112,"column":83},"end":{"line":121,"column":9},"skip":true}]},"12":{"line":123,"type":"binary-expr","locations":[{"start":{"line":123,"column":42},"end":{"line":123,"column":73},"skip":true},{"start":{"line":123,"column":77},"end":{"line":136,"column":9},"skip":true}]},"13":{"line":138,"type":"binary-expr","locations":[{"start":{"line":138,"column":48},"end":{"line":138,"column":85},"skip":true},{"start":{"line":139,"column":12},"end":{"line":145,"column":13},"skip":true}]},"14":{"line":147,"type":"binary-expr","locations":[{"start":{"line":147,"column":42},"end":{"line":147,"column":73},"skip":true},{"start":{"line":147,"column":77},"end":{"line":156,"column":9},"skip":true}]},"15":{"line":158,"type":"binary-expr","locations":[{"start":{"line":158,"column":45},"end":{"line":158,"column":79},"skip":true},{"start":{"line":158,"column":83},"end":{"line":167,"column":9},"skip":true}]},"16":{"line":169,"type":"binary-expr","locations":[{"start":{"line":169,"column":43},"end":{"line":169,"column":75},"skip":true},{"start":{"line":169,"column":79},"end":{"line":178,"column":9},"skip":true}]},"17":{"line":180,"type":"binary-expr","locations":[{"start":{"line":180,"column":41},"end":{"line":180,"column":71},"skip":true},{"start":{"line":180,"column":75},"end":{"line":189,"column":9},"skip":true}]}},"code":["/* istanbul instrument in package npmtest_collections */","/*jslint","    bitwise: true,","    browser: true,","    maxerr: 8,","    maxlen: 96,","    node: true,","    nomen: true,","    regexp: true,","    stupid: true","*/","(function () {","    'use strict';","    var local;","","","","    // run shared js-env code - pre-init","    (function () {","        // init local","        local = {};","        // init modeJs","        local.modeJs = (function () {","            try {","                return typeof navigator.userAgent === 'string' &&","                    typeof document.querySelector('body') === 'object' &&","                    typeof XMLHttpRequest.prototype.open === 'function' &&","                    'browser';","            } catch (errorCaughtBrowser) {","                return module.exports &&","                    typeof process.versions.node === 'string' &&","                    typeof require('http').createServer === 'function' &&","                    'node';","            }","        }());","        // init global","        local.global = local.modeJs === 'browser'","            ? window","            : global;","        switch (local.modeJs) {","        // re-init local from window.local","        case 'browser':","            local = local.global.utility2.objectSetDefault(","                local.global.utility2_rollup || local.global.local,","                local.global.utility2","            );","            break;","        // re-init local from example.js","        case 'node':","            local = (local.global.utility2_rollup || require('utility2'))","                .requireExampleJsFromReadme();","            break;","        }","        // export local","        local.global.local = local;","    }());","","","","    // run shared js-env code - function","    (function () {","        return;","    }());","    switch (local.modeJs) {","","","","    // run browser js-env code - function","    case 'browser':","        break;","","","","    // run node js-env code - function","    case 'node':","        break;","    }","","","","    // run shared js-env code - post-init","    (function () {","        return;","    }());","    switch (local.modeJs) {","","","","    // run browser js-env code - post-init","    case 'browser':","        local.testCase_browser_nullCase = local.testCase_browser_nullCase || function (","            options,","            onError","        ) {","        /*","         * this function will test browsers's null-case handling-behavior-behavior","         */","            onError(null, options);","        };","","        // run tests","        local.nop(local.modeTest &&","            document.querySelector('#testRunButton1') &&","            document.querySelector('#testRunButton1').click());","        break;","","","","    // run node js-env code - post-init","    /* istanbul ignore next */","    case 'node':","        local.testCase_buildApidoc_default = local.testCase_buildApidoc_default || function (","            options,","            onError","        ) {","        /*","         * this function will test buildApidoc's default handling-behavior-behavior","         */","            options = { modulePathList: module.paths };","            local.buildApidoc(options, onError);","        };","","        local.testCase_buildApp_default = local.testCase_buildApp_default || function (","            options,","            onError","        ) {","        /*","         * this function will test buildApp's default handling-behavior-behavior","         */","            local.testCase_buildReadme_default(options, local.onErrorThrow);","            local.testCase_buildLib_default(options, local.onErrorThrow);","            local.testCase_buildTest_default(options, local.onErrorThrow);","            local.testCase_buildCustomOrg_default(options, local.onErrorThrow);","            options = [];","            local.buildApp(options, onError);","        };","","        local.testCase_buildCustomOrg_default = local.testCase_buildCustomOrg_default ||","            function (options, onError) {","            /*","             * this function will test buildCustomOrg's default handling-behavior","             */","                options = {};","                local.buildCustomOrg(options, onError);","            };","","        local.testCase_buildLib_default = local.testCase_buildLib_default || function (","            options,","            onError","        ) {","        /*","         * this function will test buildLib's default handling-behavior","         */","            options = {};","            local.buildLib(options, onError);","        };","","        local.testCase_buildReadme_default = local.testCase_buildReadme_default || function (","            options,","            onError","        ) {","        /*","         * this function will test buildReadme's default handling-behavior-behavior","         */","            options = {};","            local.buildReadme(options, onError);","        };","","        local.testCase_buildTest_default = local.testCase_buildTest_default || function (","            options,","            onError","        ) {","        /*","         * this function will test buildTest's default handling-behavior","         */","            options = {};","            local.buildTest(options, onError);","        };","","        local.testCase_webpage_default = local.testCase_webpage_default || function (","            options,","            onError","        ) {","        /*","         * this function will test webpage's default handling-behavior","         */","            options = { modeCoverageMerge: true, url: local.serverLocalHost + '?modeTest=1' };","            local.browserTest(options, onError);","        };","","        // run test-server","        local.testRunServer(local);","        break;","    }","}());",""],"l":{"12":2,"14":2,"19":2,"21":2,"23":2,"24":2,"25":2,"30":1,"37":2,"40":2,"43":1,"47":1,"50":1,"52":1,"55":2,"61":2,"62":2,"64":2,"70":1,"76":1,"82":2,"83":2,"85":2,"91":1,"98":1,"102":1,"105":1,"112":1,"119":1,"120":1,"123":1,"130":1,"131":1,"132":1,"133":1,"134":1,"135":1,"138":1,"143":2,"144":2,"147":1,"154":2,"155":2,"158":1,"165":2,"166":2,"169":1,"176":2,"177":2,"180":1,"187":1,"188":1,"192":1,"193":1}},"/home/travis/build/npmtest/node-npmtest-collections/lib.npmtest_collections.js":{"path":"/home/travis/build/npmtest/node-npmtest-collections/lib.npmtest_collections.js","s":{"1":2,"2":2,"3":2,"4":2,"5":2,"6":2,"7":2,"8":1,"9":2,"10":2,"11":2,"12":2,"13":1,"14":1,"15":1,"16":1},"b":{"1":[2,1,1,1],"2":[1,1,1,1],"3":[1,1],"4":[2,2],"5":[1,1]},"f":{"1":2,"2":2,"3":2},"fnMap":{"1":{"name":"(anonymous_1)","line":12,"loc":{"start":{"line":12,"column":1},"end":{"line":12,"column":13}}},"2":{"name":"(anonymous_2)","line":19,"loc":{"start":{"line":19,"column":5},"end":{"line":19,"column":17}}},"3":{"name":"(anonymous_3)","line":23,"loc":{"start":{"line":23,"column":24},"end":{"line":23,"column":36}}}},"statementMap":{"1":{"start":{"line":12,"column":0},"end":{"line":53,"column":5}},"2":{"start":{"line":14,"column":4},"end":{"line":14,"column":14}},"3":{"start":{"line":19,"column":4},"end":{"line":52,"column":9}},"4":{"start":{"line":21,"column":8},"end":{"line":21,"column":19}},"5":{"start":{"line":23,"column":8},"end":{"line":35,"column":13}},"6":{"start":{"line":24,"column":12},"end":{"line":34,"column":13}},"7":{"start":{"line":25,"column":16},"end":{"line":28,"column":30}},"8":{"start":{"line":30,"column":16},"end":{"line":33,"column":27}},"9":{"start":{"line":37,"column":8},"end":{"line":39,"column":21}},"10":{"start":{"line":41,"column":8},"end":{"line":41,"column":54}},"11":{"start":{"line":43,"column":8},"end":{"line":43,"column":56}},"12":{"start":{"line":45,"column":8},"end":{"line":51,"column":9}},"13":{"start":{"line":46,"column":12},"end":{"line":46,"column":62}},"14":{"start":{"line":48,"column":12},"end":{"line":48,"column":35}},"15":{"start":{"line":49,"column":12},"end":{"line":49,"column":49}},"16":{"start":{"line":50,"column":12},"end":{"line":50,"column":43}}},"branchMap":{"1":{"line":25,"type":"binary-expr","locations":[{"start":{"line":25,"column":23},"end":{"line":25,"column":62}},{"start":{"line":26,"column":20},"end":{"line":26,"column":70}},{"start":{"line":27,"column":20},"end":{"line":27,"column":71}},{"start":{"line":28,"column":20},"end":{"line":28,"column":29}}]},"2":{"line":30,"type":"binary-expr","locations":[{"start":{"line":30,"column":23},"end":{"line":30,"column":37}},{"start":{"line":31,"column":20},"end":{"line":31,"column":61}},{"start":{"line":32,"column":20},"end":{"line":32,"column":70}},{"start":{"line":33,"column":20},"end":{"line":33,"column":26}}]},"3":{"line":37,"type":"cond-expr","locations":[{"start":{"line":38,"column":14},"end":{"line":38,"column":20}},{"start":{"line":39,"column":14},"end":{"line":39,"column":20}}]},"4":{"line":41,"type":"binary-expr","locations":[{"start":{"line":41,"column":16},"end":{"line":41,"column":44}},{"start":{"line":41,"column":48},"end":{"line":41,"column":53}}]},"5":{"line":45,"type":"if","locations":[{"start":{"line":45,"column":8},"end":{"line":45,"column":8}},{"start":{"line":45,"column":8},"end":{"line":45,"column":8}}]}},"code":["/* istanbul instrument in package npmtest_collections */","/*jslint","    bitwise: true,","    browser: true,","    maxerr: 8,","    maxlen: 96,","    node: true,","    nomen: true,","    regexp: true,","    stupid: true","*/","(function () {","    'use strict';","    var local;","","","","    // run shared js-env code - pre-init","    (function () {","        // init local","        local = {};","        // init modeJs","        local.modeJs = (function () {","            try {","                return typeof navigator.userAgent === 'string' &&","                    typeof document.querySelector('body') === 'object' &&","                    typeof XMLHttpRequest.prototype.open === 'function' &&","                    'browser';","            } catch (errorCaughtBrowser) {","                return module.exports &&","                    typeof process.versions.node === 'string' &&","                    typeof require('http').createServer === 'function' &&","                    'node';","            }","        }());","        // init global","        local.global = local.modeJs === 'browser'","            ? window","            : global;","        // init utility2_rollup","        local = local.global.utility2_rollup || local;","        // init lib","        local.local = local.npmtest_collections = local;","        // init exports","        if (local.modeJs === 'browser') {","            local.global.utility2_npmtest_collections = local;","        } else {","            module.exports = local;","            module.exports.__dirname = __dirname;","            module.exports.module = module;","        }","    }());","}());",""],"l":{"12":2,"14":2,"19":2,"21":2,"23":2,"24":2,"25":2,"30":1,"37":2,"41":2,"43":2,"45":2,"46":1,"48":1,"49":1,"50":1}},"/home/travis/build/npmtest/node-npmtest-collections/example.js":{"path":"/home/travis/build/npmtest/node-npmtest-collections/example.js","s":{"1":2,"2":2,"3":2,"4":2,"5":2,"6":2,"7":2,"8":1,"9":2,"10":2,"11":2,"12":2,"13":1,"14":2,"15":2,"16":2,"17":2,"18":2,"19":0,"20":2,"21":1,"22":1,"23":1,"24":1,"25":1,"26":0,"27":0,"28":1,"29":1,"30":2,"31":0,"32":0,"33":0,"34":1,"35":2,"36":2,"37":3,"38":3,"39":3,"40":3,"41":0,"42":3,"43":3,"44":3,"45":1,"46":3,"47":1,"48":1,"49":1,"50":1,"51":1,"52":1,"53":1,"54":1,"55":1,"56":1,"57":0,"58":1,"59":6,"60":6,"61":1,"62":2,"63":0,"64":2,"65":1,"66":1,"67":0,"68":0,"69":0,"70":0,"71":0,"72":0,"73":0,"74":0,"75":0,"76":0,"77":0,"78":0,"79":0,"80":0,"81":0,"82":0,"83":0},"b":{"1":[2,1,1,1],"2":[1,1,1,1],"3":[1,1],"4":[2,2],"5":[1,1],"6":[1,1],"7":[2,0],"8":[2,1,1,1,1,1],"9":[0,2,0],"10":[1,1],"11":[2,1,1],"12":[1,0],"13":[0,2],"14":[2,0,0,0,0,0,0],"15":[0,3],"16":[3,0],"17":[1,1],"18":[0,1],"19":[1,2,0,2],"20":[1,0],"21":[1,1],"22":[0,0],"23":[0,0],"24":[0,0],"25":[0,0],"26":[0,0],"27":[0,0],"28":[0,0]},"f":{"1":2,"2":2,"3":2,"4":2,"5":2,"6":2,"7":3,"8":3,"9":3,"10":1,"11":6,"12":0},"fnMap":{"1":{"name":"(anonymous_1)","line":26,"loc":{"start":{"line":26,"column":1},"end":{"line":26,"column":13}}},"2":{"name":"(anonymous_2)","line":33,"loc":{"start":{"line":33,"column":5},"end":{"line":33,"column":17}}},"3":{"name":"(anonymous_3)","line":37,"loc":{"start":{"line":37,"column":24},"end":{"line":37,"column":36}}},"4":{"name":"(anonymous_4)","line":69,"loc":{"start":{"line":69,"column":31},"end":{"line":69,"column":48}},"skip":true},"5":{"name":"(anonymous_5)","line":78,"loc":{"start":{"line":78,"column":26},"end":{"line":78,"column":45}},"skip":true},"6":{"name":"(anonymous_6)","line":123,"loc":{"start":{"line":123,"column":33},"end":{"line":123,"column":48}},"skip":true},"7":{"name":"(anonymous_7)","line":125,"loc":{"start":{"line":125,"column":27},"end":{"line":125,"column":39}},"skip":true},"8":{"name":"(anonymous_8)","line":133,"loc":{"start":{"line":133,"column":59},"end":{"line":133,"column":74}},"skip":true},"9":{"name":"(anonymous_9)","line":143,"loc":{"start":{"line":143,"column":45},"end":{"line":143,"column":62}},"skip":true},"10":{"name":"(anonymous_10)","line":144,"loc":{"start":{"line":144,"column":73},"end":{"line":144,"column":92}},"skip":true},"11":{"name":"(anonymous_11)","line":272,"loc":{"start":{"line":272,"column":51},"end":{"line":272,"column":77}},"skip":true},"12":{"name":"(anonymous_12)","line":315,"loc":{"start":{"line":315,"column":32},"end":{"line":315,"column":61}},"skip":true}},"statementMap":{"1":{"start":{"line":26,"column":0},"end":{"line":326,"column":5}},"2":{"start":{"line":28,"column":4},"end":{"line":28,"column":14}},"3":{"start":{"line":33,"column":4},"end":{"line":60,"column":9}},"4":{"start":{"line":35,"column":8},"end":{"line":35,"column":19}},"5":{"start":{"line":37,"column":8},"end":{"line":49,"column":13}},"6":{"start":{"line":38,"column":12},"end":{"line":48,"column":13}},"7":{"start":{"line":39,"column":16},"end":{"line":42,"column":30}},"8":{"start":{"line":44,"column":16},"end":{"line":47,"column":27}},"9":{"start":{"line":51,"column":8},"end":{"line":53,"column":21}},"10":{"start":{"line":55,"column":8},"end":{"line":57,"column":45}},"11":{"start":{"line":59,"column":8},"end":{"line":59,"column":35}},"12":{"start":{"line":61,"column":4},"end":{"line":325,"column":5}},"13":{"start":{"line":69,"column":8},"end":{"line":121,"column":10},"skip":true},"14":{"start":{"line":70,"column":12},"end":{"line":88,"column":13},"skip":true},"15":{"start":{"line":76,"column":16},"end":{"line":87,"column":19},"skip":true},"16":{"start":{"line":79,"column":20},"end":{"line":86,"column":21},"skip":true},"17":{"start":{"line":82,"column":24},"end":{"line":82,"column":43},"skip":true},"18":{"start":{"line":83,"column":24},"end":{"line":83,"column":30},"skip":true},"19":{"start":{"line":85,"column":24},"end":{"line":85,"column":49},"skip":true},"20":{"start":{"line":89,"column":12},"end":{"line":107,"column":13},"skip":true},"21":{"start":{"line":92,"column":16},"end":{"line":102,"column":17},"skip":true},"22":{"start":{"line":93,"column":20},"end":{"line":93,"column":86},"skip":true},"23":{"start":{"line":94,"column":20},"end":{"line":95,"column":45},"skip":true},"24":{"start":{"line":96,"column":20},"end":{"line":96,"column":42},"skip":true},"25":{"start":{"line":97,"column":20},"end":{"line":97,"column":48},"skip":true},"26":{"start":{"line":100,"column":20},"end":{"line":100,"column":85},"skip":true},"27":{"start":{"line":101,"column":20},"end":{"line":101,"column":96},"skip":true},"28":{"start":{"line":103,"column":16},"end":{"line":103,"column":22},"skip":true},"29":{"start":{"line":106,"column":16},"end":{"line":106,"column":22},"skip":true},"30":{"start":{"line":108,"column":12},"end":{"line":120,"column":13},"skip":true},"31":{"start":{"line":114,"column":16},"end":{"line":119,"column":17},"skip":true},"32":{"start":{"line":116,"column":20},"end":{"line":116,"column":78},"skip":true},"33":{"start":{"line":118,"column":20},"end":{"line":118,"column":47},"skip":true},"34":{"start":{"line":123,"column":8},"end":{"line":141,"column":11},"skip":true},"35":{"start":{"line":124,"column":12},"end":{"line":124,"column":54},"skip":true},"36":{"start":{"line":125,"column":12},"end":{"line":140,"column":14},"skip":true},"37":{"start":{"line":126,"column":16},"end":{"line":126,"column":28},"skip":true},"38":{"start":{"line":127,"column":16},"end":{"line":127,"column":69},"skip":true},"39":{"start":{"line":128,"column":16},"end":{"line":128,"column":75},"skip":true},"40":{"start":{"line":129,"column":16},"end":{"line":131,"column":17},"skip":true},"41":{"start":{"line":130,"column":20},"end":{"line":130,"column":27},"skip":true},"42":{"start":{"line":133,"column":16},"end":{"line":137,"column":36},"skip":true},"43":{"start":{"line":134,"column":20},"end":{"line":136,"column":55},"skip":true},"44":{"start":{"line":139,"column":16},"end":{"line":139,"column":57},"skip":true},"45":{"start":{"line":143,"column":8},"end":{"line":147,"column":11},"skip":true},"46":{"start":{"line":144,"column":12},"end":{"line":146,"column":15},"skip":true},"47":{"start":{"line":145,"column":16},"end":{"line":145,"column":70},"skip":true},"48":{"start":{"line":149,"column":8},"end":{"line":149,"column":31},"skip":true},"49":{"start":{"line":150,"column":8},"end":{"line":150,"column":14},"skip":true},"50":{"start":{"line":158,"column":8},"end":{"line":158,"column":31},"skip":true},"51":{"start":{"line":160,"column":8},"end":{"line":160,"column":33},"skip":true},"52":{"start":{"line":161,"column":8},"end":{"line":161,"column":37},"skip":true},"53":{"start":{"line":162,"column":8},"end":{"line":162,"column":35},"skip":true},"54":{"start":{"line":164,"column":8},"end":{"line":164,"column":50},"skip":true},"55":{"start":{"line":166,"column":8},"end":{"line":256,"column":2},"skip":true},"56":{"start":{"line":258,"column":8},"end":{"line":286,"column":9},"skip":true},"57":{"start":{"line":259,"column":12},"end":{"line":269,"column":14},"skip":true},"58":{"start":{"line":271,"column":12},"end":{"line":285,"column":19},"skip":true},"59":{"start":{"line":274,"column":20},"end":{"line":274,"column":35},"skip":true},"60":{"start":{"line":275,"column":20},"end":{"line":284,"column":21},"skip":true},"61":{"start":{"line":277,"column":24},"end":{"line":277,"column":64},"skip":true},"62":{"start":{"line":279,"column":24},"end":{"line":279,"column":40},"skip":true},"63":{"start":{"line":281,"column":24},"end":{"line":281,"column":40},"skip":true},"64":{"start":{"line":283,"column":24},"end":{"line":283,"column":39},"skip":true},"65":{"start":{"line":288,"column":8},"end":{"line":290,"column":9},"skip":true},"66":{"start":{"line":289,"column":12},"end":{"line":289,"column":18},"skip":true},"67":{"start":{"line":291,"column":8},"end":{"line":293,"column":54},"skip":true},"68":{"start":{"line":296,"column":8},"end":{"line":301,"column":37},"skip":true},"69":{"start":{"line":303,"column":8},"end":{"line":303,"column":82},"skip":true},"70":{"start":{"line":306,"column":8},"end":{"line":308,"column":9},"skip":true},"71":{"start":{"line":307,"column":12},"end":{"line":307,"column":82},"skip":true},"72":{"start":{"line":310,"column":8},"end":{"line":312,"column":9},"skip":true},"73":{"start":{"line":311,"column":12},"end":{"line":311,"column":18},"skip":true},"74":{"start":{"line":313,"column":8},"end":{"line":313,"column":54},"skip":true},"75":{"start":{"line":314,"column":8},"end":{"line":314,"column":69},"skip":true},"76":{"start":{"line":315,"column":8},"end":{"line":323,"column":36},"skip":true},"77":{"start":{"line":316,"column":12},"end":{"line":316,"column":61},"skip":true},"78":{"start":{"line":317,"column":12},"end":{"line":320,"column":13},"skip":true},"79":{"start":{"line":318,"column":16},"end":{"line":318,"column":75},"skip":true},"80":{"start":{"line":319,"column":16},"end":{"line":319,"column":23},"skip":true},"81":{"start":{"line":321,"column":12},"end":{"line":321,"column":38},"skip":true},"82":{"start":{"line":322,"column":12},"end":{"line":322,"column":27},"skip":true},"83":{"start":{"line":324,"column":8},"end":{"line":324,"column":14},"skip":true}},"branchMap":{"1":{"line":39,"type":"binary-expr","locations":[{"start":{"line":39,"column":23},"end":{"line":39,"column":62}},{"start":{"line":40,"column":20},"end":{"line":40,"column":70}},{"start":{"line":41,"column":20},"end":{"line":41,"column":71}},{"start":{"line":42,"column":20},"end":{"line":42,"column":29}}]},"2":{"line":44,"type":"binary-expr","locations":[{"start":{"line":44,"column":23},"end":{"line":44,"column":37}},{"start":{"line":45,"column":20},"end":{"line":45,"column":61}},{"start":{"line":46,"column":20},"end":{"line":46,"column":70}},{"start":{"line":47,"column":20},"end":{"line":47,"column":26}}]},"3":{"line":51,"type":"cond-expr","locations":[{"start":{"line":52,"column":14},"end":{"line":52,"column":20}},{"start":{"line":53,"column":14},"end":{"line":53,"column":20}}]},"4":{"line":55,"type":"binary-expr","locations":[{"start":{"line":55,"column":16},"end":{"line":55,"column":44}},{"start":{"line":55,"column":49},"end":{"line":57,"column":43}}]},"5":{"line":55,"type":"cond-expr","locations":[{"start":{"line":56,"column":14},"end":{"line":56,"column":55}},{"start":{"line":57,"column":14},"end":{"line":57,"column":43}}]},"6":{"line":61,"type":"switch","locations":[{"start":{"line":68,"column":4},"end":{"line":150,"column":14},"skip":true},{"start":{"line":156,"column":4},"end":{"line":324,"column":14},"skip":true}]},"7":{"line":70,"type":"if","locations":[{"start":{"line":70,"column":12},"end":{"line":70,"column":12},"skip":true},{"start":{"line":70,"column":12},"end":{"line":70,"column":12},"skip":true}]},"8":{"line":70,"type":"binary-expr","locations":[{"start":{"line":70,"column":16},"end":{"line":70,"column":22},"skip":true},{"start":{"line":70,"column":27},"end":{"line":70,"column":32},"skip":true},{"start":{"line":71,"column":20},"end":{"line":71,"column":39},"skip":true},{"start":{"line":72,"column":20},"end":{"line":72,"column":49},"skip":true},{"start":{"line":73,"column":20},"end":{"line":73,"column":58},"skip":true},{"start":{"line":74,"column":20},"end":{"line":74,"column":69},"skip":true}]},"9":{"line":79,"type":"switch","locations":[{"start":{"line":80,"column":20},"end":{"line":80,"column":33},"skip":true},{"start":{"line":81,"column":20},"end":{"line":83,"column":30},"skip":true},{"start":{"line":84,"column":20},"end":{"line":85,"column":49},"skip":true}]},"10":{"line":89,"type":"switch","locations":[{"start":{"line":90,"column":12},"end":{"line":103,"column":22},"skip":true},{"start":{"line":105,"column":12},"end":{"line":106,"column":22},"skip":true}]},"11":{"line":89,"type":"binary-expr","locations":[{"start":{"line":89,"column":20},"end":{"line":89,"column":25},"skip":true},{"start":{"line":89,"column":29},"end":{"line":89,"column":48},"skip":true},{"start":{"line":89,"column":52},"end":{"line":89,"column":74},"skip":true}]},"12":{"line":92,"type":"if","locations":[{"start":{"line":92,"column":16},"end":{"line":92,"column":16},"skip":true},{"start":{"line":92,"column":16},"end":{"line":92,"column":16},"skip":true}]},"13":{"line":108,"type":"if","locations":[{"start":{"line":108,"column":12},"end":{"line":108,"column":12},"skip":true},{"start":{"line":108,"column":12},"end":{"line":108,"column":12},"skip":true}]},"14":{"line":108,"type":"binary-expr","locations":[{"start":{"line":108,"column":16},"end":{"line":108,"column":61},"skip":true},{"start":{"line":108,"column":66},"end":{"line":108,"column":72},"skip":true},{"start":{"line":108,"column":77},"end":{"line":108,"column":82},"skip":true},{"start":{"line":109,"column":20},"end":{"line":109,"column":39},"skip":true},{"start":{"line":110,"column":20},"end":{"line":110,"column":49},"skip":true},{"start":{"line":111,"column":20},"end":{"line":111,"column":58},"skip":true},{"start":{"line":112,"column":20},"end":{"line":112,"column":68},"skip":true}]},"15":{"line":129,"type":"if","locations":[{"start":{"line":129,"column":16},"end":{"line":129,"column":16},"skip":true},{"start":{"line":129,"column":16},"end":{"line":129,"column":16},"skip":true}]},"16":{"line":134,"type":"cond-expr","locations":[{"start":{"line":135,"column":26},"end":{"line":135,"column":29},"skip":true},{"start":{"line":136,"column":26},"end":{"line":136,"column":54},"skip":true}]},"17":{"line":164,"type":"binary-expr","locations":[{"start":{"line":164,"column":27},"end":{"line":164,"column":43},"skip":true},{"start":{"line":164,"column":47},"end":{"line":164,"column":49},"skip":true}]},"18":{"line":258,"type":"if","locations":[{"start":{"line":258,"column":8},"end":{"line":258,"column":8},"skip":true},{"start":{"line":258,"column":8},"end":{"line":258,"column":8},"skip":true}]},"19":{"line":275,"type":"switch","locations":[{"start":{"line":276,"column":20},"end":{"line":277,"column":64},"skip":true},{"start":{"line":278,"column":20},"end":{"line":279,"column":40},"skip":true},{"start":{"line":280,"column":20},"end":{"line":281,"column":40},"skip":true},{"start":{"line":282,"column":20},"end":{"line":283,"column":39},"skip":true}]},"20":{"line":288,"type":"if","locations":[{"start":{"line":288,"column":8},"end":{"line":288,"column":8},"skip":true},{"start":{"line":288,"column":8},"end":{"line":288,"column":8},"skip":true}]},"21":{"line":288,"type":"binary-expr","locations":[{"start":{"line":288,"column":12},"end":{"line":288,"column":40},"skip":true},{"start":{"line":288,"column":44},"end":{"line":288,"column":67},"skip":true}]},"22":{"line":292,"type":"binary-expr","locations":[{"start":{"line":292,"column":12},"end":{"line":292,"column":50},"skip":true},{"start":{"line":293,"column":12},"end":{"line":293,"column":53},"skip":true}]},"23":{"line":297,"type":"binary-expr","locations":[{"start":{"line":297,"column":12},"end":{"line":297,"column":69},"skip":true},{"start":{"line":298,"column":12},"end":{"line":301,"column":36},"skip":true}]},"24":{"line":303,"type":"binary-expr","locations":[{"start":{"line":303,"column":43},"end":{"line":303,"column":75},"skip":true},{"start":{"line":303,"column":79},"end":{"line":303,"column":81},"skip":true}]},"25":{"line":306,"type":"if","locations":[{"start":{"line":306,"column":8},"end":{"line":306,"column":8},"skip":true},{"start":{"line":306,"column":8},"end":{"line":306,"column":8},"skip":true}]},"26":{"line":310,"type":"if","locations":[{"start":{"line":310,"column":8},"end":{"line":310,"column":8},"skip":true},{"start":{"line":310,"column":8},"end":{"line":310,"column":8},"skip":true}]},"27":{"line":313,"type":"binary-expr","locations":[{"start":{"line":313,"column":27},"end":{"line":313,"column":43},"skip":true},{"start":{"line":313,"column":47},"end":{"line":313,"column":53},"skip":true}]},"28":{"line":317,"type":"if","locations":[{"start":{"line":317,"column":12},"end":{"line":317,"column":12},"skip":true},{"start":{"line":317,"column":12},"end":{"line":317,"column":12},"skip":true}]}},"code":["/*","example.js","","quickstart example","","instruction","    1. save this script as example.js","    2. run the shell command:","        $ npm install npmtest-collections && PORT=8081 node example.js","    3. play with the browser-demo on http://127.0.0.1:8081","*/","","","","/* istanbul instrument in package npmtest_collections */","/*jslint","    bitwise: true,","    browser: true,","    maxerr: 8,","    maxlen: 96,","    node: true,","    nomen: true,","    regexp: true,","    stupid: true","*/","(function () {","    'use strict';","    var local;","","","","    // run shared js-env code - pre-init","    (function () {","        // init local","        local = {};","        // init modeJs","        local.modeJs = (function () {","            try {","                return typeof navigator.userAgent === 'string' &&","                    typeof document.querySelector('body') === 'object' &&","                    typeof XMLHttpRequest.prototype.open === 'function' &&","                    'browser';","            } catch (errorCaughtBrowser) {","                return module.exports &&","                    typeof process.versions.node === 'string' &&","                    typeof require('http').createServer === 'function' &&","                    'node';","            }","        }());","        // init global","        local.global = local.modeJs === 'browser'","            ? window","            : global;","        // init utility2_rollup","        local = local.global.utility2_rollup || (local.modeJs === 'browser'","            ? local.global.utility2_npmtest_collections","            : global.utility2_moduleExports);","        // export local","        local.global.local = local;","    }());","    switch (local.modeJs) {","","","","    // post-init","    // run browser js-env code - post-init","    /* istanbul ignore next */","    case 'browser':","        local.testRunBrowser = function (event) {","            if (!event || (event &&","                    event.currentTarget &&","                    event.currentTarget.className &&","                    event.currentTarget.className.includes &&","                    event.currentTarget.className.includes('onreset'))) {","                // reset output","                Array.from(","                    document.querySelectorAll('body > .resettable')","                ).forEach(function (element) {","                    switch (element.tagName) {","                    case 'INPUT':","                    case 'TEXTAREA':","                        element.value = '';","                        break;","                    default:","                        element.textContent = '';","                    }","                });","            }","            switch (event && event.currentTarget && event.currentTarget.id) {","            case 'testRunButton1':","                // show tests","                if (document.querySelector('#testReportDiv1').style.display === 'none') {","                    document.querySelector('#testReportDiv1').style.display = 'block';","                    document.querySelector('#testRunButton1').textContent =","                        'hide internal test';","                    local.modeTest = true;","                    local.testRunDefault(local);","                // hide tests","                } else {","                    document.querySelector('#testReportDiv1').style.display = 'none';","                    document.querySelector('#testRunButton1').textContent = 'run internal test';","                }","                break;","            // custom-case","            default:","                break;","            }","            if (document.querySelector('#inputTextareaEval1') && (!event || (event &&","                    event.currentTarget &&","                    event.currentTarget.className &&","                    event.currentTarget.className.includes &&","                    event.currentTarget.className.includes('oneval')))) {","                // try to eval input-code","                try {","                    /*jslint evil: true*/","                    eval(document.querySelector('#inputTextareaEval1').value);","                } catch (errorCaught) {","                    console.error(errorCaught);","                }","            }","        };","        // log stderr and stdout to #outputTextareaStdout1","        ['error', 'log'].forEach(function (key) {","            console[key + '_original'] = console[key];","            console[key] = function () {","                var element;","                console[key + '_original'].apply(console, arguments);","                element = document.querySelector('#outputTextareaStdout1');","                if (!element) {","                    return;","                }","                // append text to #outputTextareaStdout1","                element.value += Array.from(arguments).map(function (arg) {","                    return typeof arg === 'string'","                        ? arg","                        : JSON.stringify(arg, null, 4);","                }).join(' ') + '\\n';","                // scroll textarea to bottom","                element.scrollTop = element.scrollHeight;","            };","        });","        // init event-handling","        ['change', 'click', 'keyup'].forEach(function (event) {","            Array.from(document.querySelectorAll('.on' + event)).forEach(function (element) {","                element.addEventListener(event, local.testRunBrowser);","            });","        });","        // run tests","        local.testRunBrowser();","        break;","","","","    // run node js-env code - post-init","    /* istanbul ignore next */","    case 'node':","        // export local","        module.exports = local;","        // require modules","        local.fs = require('fs');","        local.http = require('http');","        local.url = require('url');","        // init assets","        local.assetsDict = local.assetsDict || {};","        /* jslint-ignore-begin */","        local.assetsDict['/assets.index.template.html'] = '\\","<!doctype html>\\n\\","<html lang=\"en\">\\n\\","<head>\\n\\","<meta charset=\"UTF-8\">\\n\\","<meta name=\"viewport\" content=\"width=device-width, initial-scale=1\">\\n\\","<title>{{env.npm_package_name}} (v{{env.npm_package_version}})</title>\\n\\","<style>\\n\\","/*csslint\\n\\","    box-sizing: false,\\n\\","    universal-selector: false\\n\\","*/\\n\\","* {\\n\\","    box-sizing: border-box;\\n\\","}\\n\\","body {\\n\\","    background: #dde;\\n\\","    font-family: Arial, Helvetica, sans-serif;\\n\\","    margin: 2rem;\\n\\","}\\n\\","body > * {\\n\\","    margin-bottom: 1rem;\\n\\","}\\n\\",".utility2FooterDiv {\\n\\","    margin-top: 20px;\\n\\","    text-align: center;\\n\\","}\\n\\","</style>\\n\\","<style>\\n\\","/*csslint\\n\\","*/\\n\\","textarea {\\n\\","    font-family: monospace;\\n\\","    height: 10rem;\\n\\","    width: 100%;\\n\\","}\\n\\","textarea[readonly] {\\n\\","    background: #ddd;\\n\\","}\\n\\","</style>\\n\\","</head>\\n\\","<body>\\n\\","<!-- utility2-comment\\n\\","<div id=\"ajaxProgressDiv1\" style=\"background: #d00; height: 2px; left: 0; margin: 0; padding: 0; position: fixed; top: 0; transition: background 0.5s, width 1.5s; width: 25%;\"></div>\\n\\","utility2-comment -->\\n\\","<h1>\\n\\","<!-- utility2-comment\\n\\","    <a\\n\\","        {{#if env.npm_package_homepage}}\\n\\","        href=\"{{env.npm_package_homepage}}\"\\n\\","        {{/if env.npm_package_homepage}}\\n\\","        target=\"_blank\"\\n\\","    >\\n\\","utility2-comment -->\\n\\","        {{env.npm_package_name}} (v{{env.npm_package_version}})\\n\\","<!-- utility2-comment\\n\\","    </a>\\n\\","utility2-comment -->\\n\\","</h1>\\n\\","<h3>{{env.npm_package_description}}</h3>\\n\\","<!-- utility2-comment\\n\\","<h4><a download href=\"assets.app.js\">download standalone app</a></h4>\\n\\","<button class=\"onclick onreset\" id=\"testRunButton1\">run internal test</button><br>\\n\\","<div id=\"testReportDiv1\" style=\"display: none;\"></div>\\n\\","utility2-comment -->\\n\\","\\n\\","\\n\\","\\n\\","<label>stderr and stdout</label>\\n\\","<textarea class=\"resettable\" id=\"outputTextareaStdout1\" readonly></textarea>\\n\\","<!-- utility2-comment\\n\\","{{#if isRollup}}\\n\\","<script src=\"assets.app.js\"></script>\\n\\","{{#unless isRollup}}\\n\\","utility2-comment -->\\n\\","<script src=\"assets.utility2.rollup.js\"></script>\\n\\","<script src=\"jsonp.utility2._stateInit?callback=window.utility2._stateInit\"></script>\\n\\","<script src=\"assets.npmtest_collections.rollup.js\"></script>\\n\\","<script src=\"assets.example.js\"></script>\\n\\","<script src=\"assets.test.js\"></script>\\n\\","<!-- utility2-comment\\n\\","{{/if isRollup}}\\n\\","utility2-comment -->\\n\\","<div class=\"utility2FooterDiv\">\\n\\","    [ this app was created with\\n\\","    <a href=\"https://github.com/kaizhu256/node-utility2\" target=\"_blank\">utility2</a>\\n\\","    ]\\n\\","</div>\\n\\","</body>\\n\\","</html>\\n\\","';","        /* jslint-ignore-end */","        if (local.templateRender) {","            local.assetsDict['/'] = local.templateRender(","                local.assetsDict['/assets.index.template.html'],","                {","                    env: local.objectSetDefault(local.env, {","                        npm_package_description: 'the greatest app in the world!',","                        npm_package_name: 'my-app',","                        npm_package_nameAlias: 'my_app',","                        npm_package_version: '0.0.1'","                    })","                }","            );","        } else {","            local.assetsDict['/'] = local.assetsDict['/assets.index.template.html']","                .replace((/\\{\\{env\\.(\\w+?)\\}\\}/g), function (match0, match1) {","                    // jslint-hack","                    String(match0);","                    switch (match1) {","                    case 'npm_package_description':","                        return 'the greatest app in the world!';","                    case 'npm_package_name':","                        return 'my-app';","                    case 'npm_package_nameAlias':","                        return 'my_app';","                    case 'npm_package_version':","                        return '0.0.1';","                    }","                });","        }","        // run the cli","        if (local.global.utility2_rollup || module !== require.main) {","            break;","        }","        local.assetsDict['/assets.example.js'] =","            local.assetsDict['/assets.example.js'] ||","            local.fs.readFileSync(__filename, 'utf8');","        // bug-workaround - long $npm_package_buildCustomOrg","        /* jslint-ignore-begin */","        local.assetsDict['/assets.npmtest_collections.rollup.js'] =","            local.assetsDict['/assets.npmtest_collections.rollup.js'] ||","            local.fs.readFileSync(","                local.npmtest_collections.__dirname + '/lib.npmtest_collections.js',","                'utf8'","            ).replace((/^#!/), '//');","        /* jslint-ignore-end */","        local.assetsDict['/favicon.ico'] = local.assetsDict['/favicon.ico'] || '';","        // if $npm_config_timeout_exit exists,","        // then exit this process after $npm_config_timeout_exit ms","        if (Number(process.env.npm_config_timeout_exit)) {","            setTimeout(process.exit, Number(process.env.npm_config_timeout_exit));","        }","        // start server","        if (local.global.utility2_serverHttp1) {","            break;","        }","        process.env.PORT = process.env.PORT || '8081';","        console.error('server starting on port ' + process.env.PORT);","        local.http.createServer(function (request, response) {","            request.urlParsed = local.url.parse(request.url);","            if (local.assetsDict[request.urlParsed.pathname] !== undefined) {","                response.end(local.assetsDict[request.urlParsed.pathname]);","                return;","            }","            response.statusCode = 404;","            response.end();","        }).listen(process.env.PORT);","        break;","    }","}());",""],"l":{"26":2,"28":2,"33":2,"35":2,"37":2,"38":2,"39":2,"44":1,"51":2,"55":2,"59":2,"61":2,"69":1,"70":2,"76":2,"79":2,"82":2,"83":2,"85":1,"89":2,"92":1,"93":1,"94":1,"96":1,"97":1,"100":1,"101":1,"103":1,"106":1,"108":2,"114":1,"116":1,"118":1,"123":1,"124":2,"125":2,"126":3,"127":3,"128":3,"129":3,"130":1,"133":3,"134":3,"139":3,"143":1,"144":3,"145":1,"149":1,"150":1,"158":1,"160":1,"161":1,"162":1,"164":1,"166":1,"258":1,"259":1,"271":1,"274":6,"275":6,"277":1,"279":2,"281":1,"283":2,"288":1,"289":1,"291":1,"296":1,"303":1,"306":1,"307":1,"310":1,"311":1,"313":1,"314":1,"315":1,"316":1,"317":1,"318":1,"319":1,"321":1,"322":1,"324":1}},"/home/travis/build/npmtest/node-npmtest-collections/node_modules/collections/_dict.js":{"path":"/home/travis/build/npmtest/node-npmtest-collections/node_modules/collections/_dict.js","s":{"1":4,"2":0,"3":0,"4":0,"5":1,"6":0,"7":0,"8":0,"9":0,"10":0,"11":0,"12":0,"13":0,"14":0,"15":0,"16":0,"17":0,"18":0,"19":0,"20":0,"21":0,"22":0,"23":0,"24":0,"25":0,"26":0,"27":0,"28":0,"29":0,"30":0,"31":0,"32":0,"33":0,"34":0,"35":0,"36":0,"37":0,"38":0,"39":0,"40":0,"41":0,"42":0,"43":0,"44":0,"45":0,"46":0,"47":0,"48":0,"49":0,"50":0,"51":0,"52":0,"53":0,"54":0,"55":0,"56":0,"57":0,"58":0,"59":0,"60":0,"61":0,"62":0,"63":0,"64":0,"65":0,"66":0,"67":0,"68":0,"69":0,"70":0,"71":0,"72":0,"73":0,"74":0,"75":0,"76":0,"77":0,"78":0,"79":0,"80":0,"81":0,"82":0,"83":0,"84":0,"85":0,"86":0,"87":0,"88":0,"89":0,"90":0,"91":0,"92":0,"93":0,"94":0,"95":0,"96":0,"97":0,"98":0,"99":0,"100":0,"101":0,"102":0,"103":0,"104":0,"105":0,"106":0,"107":0,"108":0,"109":0,"110":0,"111":0,"112":0,"113":0,"114":0,"115":0,"116":0,"117":0,"118":0,"119":0},"b":{"1":[0,0],"2":[0,0],"3":[0,0],"4":[0,0],"5":[0,0],"6":[0,0],"7":[0,0],"8":[0,0],"9":[0,0],"10":[0,0],"11":[0,0],"12":[0,0],"13":[0,0],"14":[0,0],"15":[0,0],"16":[0,0],"17":[0,0],"18":[0,0],"19":[0,0],"20":[0,0],"21":[0,0],"22":[0,0],"23":[0,0],"24":[0,0],"25":[0,0],"26":[0,0],"27":[0,0],"28":[0,0],"29":[0,0],"30":[0,0],"31":[0,0],"32":[0,0],"33":[0,0]},"f":{"1":0,"2":0,"3":0,"4":0,"5":0,"6":0,"7":0,"8":0,"9":0,"10":0,"11":0,"12":0,"13":0,"14":0,"15":0,"16":0},"fnMap":{"1":{"name":"Dict","line":10,"loc":{"start":{"line":10,"column":0},"end":{"line":10,"column":34}}},"2":{"name":"(anonymous_2)","line":28,"loc":{"start":{"line":28,"column":32},"end":{"line":28,"column":50}}},"3":{"name":"(anonymous_3)","line":32,"loc":{"start":{"line":32,"column":30},"end":{"line":32,"column":45}}},"4":{"name":"(anonymous_4)","line":40,"loc":{"start":{"line":40,"column":8},"end":{"line":40,"column":19}}},"5":{"name":"(anonymous_5)","line":45,"loc":{"start":{"line":45,"column":8},"end":{"line":45,"column":19}}},"6":{"name":"(anonymous_6)","line":48,"loc":{"start":{"line":48,"column":9},"end":{"line":48,"column":25}}},"7":{"name":"(anonymous_7)","line":56,"loc":{"start":{"line":56,"column":21},"end":{"line":56,"column":50}}},"8":{"name":"(anonymous_8)","line":78,"loc":{"start":{"line":78,"column":21},"end":{"line":78,"column":43}}},"9":{"name":"(anonymous_9)","line":112,"loc":{"start":{"line":112,"column":21},"end":{"line":112,"column":36}}},"10":{"name":"(anonymous_10)","line":117,"loc":{"start":{"line":117,"column":27},"end":{"line":117,"column":42}}},"11":{"name":"(anonymous_11)","line":149,"loc":{"start":{"line":149,"column":23},"end":{"line":149,"column":35}}},"12":{"name":"(anonymous_12)","line":172,"loc":{"start":{"line":172,"column":24},"end":{"line":172,"column":58}}},"13":{"name":"(anonymous_13)","line":183,"loc":{"start":{"line":183,"column":29},"end":{"line":183,"column":63}}},"14":{"name":"(anonymous_14)","line":186,"loc":{"start":{"line":186,"column":48},"end":{"line":186,"column":70}}},"15":{"name":"(anonymous_15)","line":196,"loc":{"start":{"line":196,"column":21},"end":{"line":196,"column":33}}},"16":{"name":"(anonymous_16)","line":204,"loc":{"start":{"line":204,"column":24},"end":{"line":204,"column":36}}}},"statementMap":{"1":{"start":{"line":3,"column":0},"end":{"line":3,"column":29}},"2":{"start":{"line":4,"column":0},"end":{"line":4,"column":56}},"3":{"start":{"line":5,"column":0},"end":{"line":5,"column":42}},"4":{"start":{"line":9,"column":0},"end":{"line":9,"column":22}},"5":{"start":{"line":10,"column":0},"end":{"line":19,"column":1}},"6":{"start":{"line":11,"column":4},"end":{"line":13,"column":5}},"7":{"start":{"line":12,"column":8},"end":{"line":12,"column":44}},"8":{"start":{"line":14,"column":4},"end":{"line":14,"column":45}},"9":{"start":{"line":15,"column":4},"end":{"line":15,"column":33}},"10":{"start":{"line":16,"column":4},"end":{"line":16,"column":37}},"11":{"start":{"line":17,"column":4},"end":{"line":17,"column":20}},"12":{"start":{"line":18,"column":4},"end":{"line":18,"column":25}},"13":{"start":{"line":21,"column":0},"end":{"line":21,"column":17}},"14":{"start":{"line":23,"column":0},"end":{"line":23,"column":60}},"15":{"start":{"line":24,"column":0},"end":{"line":24,"column":53}},"16":{"start":{"line":26,"column":0},"end":{"line":26,"column":35}},"17":{"start":{"line":28,"column":0},"end":{"line":30,"column":2}},"18":{"start":{"line":29,"column":4},"end":{"line":29,"column":57}},"19":{"start":{"line":32,"column":0},"end":{"line":36,"column":1}},"20":{"start":{"line":33,"column":4},"end":{"line":35,"column":5}},"21":{"start":{"line":34,"column":8},"end":{"line":34,"column":67}},"22":{"start":{"line":38,"column":0},"end":{"line":38,"column":67}},"23":{"start":{"line":39,"column":0},"end":{"line":43,"column":3}},"24":{"start":{"line":41,"column":8},"end":{"line":41,"column":92}},"25":{"start":{"line":44,"column":0},"end":{"line":51,"column":3}},"26":{"start":{"line":46,"column":8},"end":{"line":46,"column":34}},"27":{"start":{"line":49,"column":8},"end":{"line":49,"column":35}},"28":{"start":{"line":53,"column":0},"end":{"line":53,"column":87}},"29":{"start":{"line":56,"column":0},"end":{"line":76,"column":2}},"30":{"start":{"line":57,"column":4},"end":{"line":57,"column":27}},"31":{"start":{"line":58,"column":4},"end":{"line":75,"column":5}},"32":{"start":{"line":59,"column":8},"end":{"line":65,"column":9}},"33":{"start":{"line":60,"column":12},"end":{"line":60,"column":36}},"34":{"start":{"line":61,"column":15},"end":{"line":65,"column":9}},"35":{"start":{"line":62,"column":12},"end":{"line":62,"column":32}},"36":{"start":{"line":64,"column":12},"end":{"line":64,"column":40}},"37":{"start":{"line":68,"column":8},"end":{"line":74,"column":9}},"38":{"start":{"line":69,"column":12},"end":{"line":69,"column":35}},"39":{"start":{"line":70,"column":15},"end":{"line":74,"column":9}},"40":{"start":{"line":71,"column":12},"end":{"line":71,"column":32}},"41":{"start":{"line":73,"column":12},"end":{"line":73,"column":40}},"42":{"start":{"line":78,"column":0},"end":{"line":110,"column":2}},"43":{"start":{"line":79,"column":4},"end":{"line":79,"column":27}},"44":{"start":{"line":80,"column":4},"end":{"line":80,"column":43}},"45":{"start":{"line":82,"column":4},"end":{"line":109,"column":5}},"46":{"start":{"line":83,"column":8},"end":{"line":85,"column":9}},"47":{"start":{"line":84,"column":12},"end":{"line":84,"column":95}},"48":{"start":{"line":87,"column":8},"end":{"line":89,"column":38}},"49":{"start":{"line":91,"column":8},"end":{"line":93,"column":9}},"50":{"start":{"line":92,"column":12},"end":{"line":92,"column":47}},"51":{"start":{"line":94,"column":8},"end":{"line":94,"column":21}},"52":{"start":{"line":96,"column":8},"end":{"line":98,"column":9}},"53":{"start":{"line":97,"column":12},"end":{"line":97,"column":57}},"54":{"start":{"line":99,"column":8},"end":{"line":99,"column":22}},"55":{"start":{"line":101,"column":8},"end":{"line":103,"column":38}},"56":{"start":{"line":105,"column":8},"end":{"line":107,"column":9}},"57":{"start":{"line":106,"column":12},"end":{"line":106,"column":47}},"58":{"start":{"line":108,"column":8},"end":{"line":108,"column":20}},"59":{"start":{"line":112,"column":0},"end":{"line":115,"column":2}},"60":{"start":{"line":113,"column":4},"end":{"line":113,"column":27}},"61":{"start":{"line":114,"column":4},"end":{"line":114,"column":68}},"62":{"start":{"line":117,"column":0},"end":{"line":147,"column":2}},"63":{"start":{"line":118,"column":4},"end":{"line":118,"column":27}},"64":{"start":{"line":119,"column":4},"end":{"line":146,"column":5}},"65":{"start":{"line":120,"column":8},"end":{"line":130,"column":9}},"66":{"start":{"line":121,"column":12},"end":{"line":123,"column":13}},"67":{"start":{"line":122,"column":16},"end":{"line":122,"column":68}},"68":{"start":{"line":124,"column":12},"end":{"line":124,"column":41}},"69":{"start":{"line":125,"column":12},"end":{"line":125,"column":26}},"70":{"start":{"line":126,"column":12},"end":{"line":128,"column":13}},"71":{"start":{"line":127,"column":16},"end":{"line":127,"column":55}},"72":{"start":{"line":129,"column":12},"end":{"line":129,"column":24}},"73":{"start":{"line":131,"column":8},"end":{"line":131,"column":21}},"74":{"start":{"line":134,"column":8},"end":{"line":144,"column":9}},"75":{"start":{"line":135,"column":12},"end":{"line":137,"column":13}},"76":{"start":{"line":136,"column":16},"end":{"line":136,"column":67}},"77":{"start":{"line":138,"column":12},"end":{"line":138,"column":35}},"78":{"start":{"line":139,"column":12},"end":{"line":139,"column":26}},"79":{"start":{"line":140,"column":12},"end":{"line":142,"column":13}},"80":{"start":{"line":141,"column":16},"end":{"line":141,"column":55}},"81":{"start":{"line":143,"column":12},"end":{"line":143,"column":24}},"82":{"start":{"line":145,"column":8},"end":{"line":145,"column":21}},"83":{"start":{"line":149,"column":0},"end":{"line":170,"column":2}},"84":{"start":{"line":150,"column":4},"end":{"line":150,"column":12}},"85":{"start":{"line":151,"column":4},"end":{"line":159,"column":5}},"86":{"start":{"line":152,"column":8},"end":{"line":154,"column":9}},"87":{"start":{"line":153,"column":12},"end":{"line":153,"column":72}},"88":{"start":{"line":155,"column":8},"end":{"line":155,"column":37}},"89":{"start":{"line":156,"column":8},"end":{"line":158,"column":9}},"90":{"start":{"line":157,"column":12},"end":{"line":157,"column":59}},"91":{"start":{"line":160,"column":4},"end":{"line":168,"column":5}},"92":{"start":{"line":161,"column":8},"end":{"line":163,"column":9}},"93":{"start":{"line":162,"column":12},"end":{"line":162,"column":63}},"94":{"start":{"line":164,"column":8},"end":{"line":164,"column":31}},"95":{"start":{"line":165,"column":8},"end":{"line":167,"column":9}},"96":{"start":{"line":166,"column":12},"end":{"line":166,"column":51}},"97":{"start":{"line":169,"column":4},"end":{"line":169,"column":20}},"98":{"start":{"line":172,"column":0},"end":{"line":181,"column":2}},"99":{"start":{"line":173,"column":4},"end":{"line":175,"column":5}},"100":{"start":{"line":174,"column":8},"end":{"line":174,"column":77}},"101":{"start":{"line":176,"column":4},"end":{"line":176,"column":27}},"102":{"start":{"line":177,"column":4},"end":{"line":179,"column":5}},"103":{"start":{"line":178,"column":8},"end":{"line":178,"column":67}},"104":{"start":{"line":180,"column":4},"end":{"line":180,"column":17}},"105":{"start":{"line":183,"column":0},"end":{"line":194,"column":2}},"106":{"start":{"line":184,"column":4},"end":{"line":184,"column":20}},"107":{"start":{"line":185,"column":4},"end":{"line":185,"column":27}},"108":{"start":{"line":186,"column":4},"end":{"line":188,"column":14}},"109":{"start":{"line":187,"column":8},"end":{"line":187,"column":66}},"110":{"start":{"line":190,"column":4},"end":{"line":192,"column":5}},"111":{"start":{"line":191,"column":8},"end":{"line":191,"column":80}},"112":{"start":{"line":193,"column":4},"end":{"line":193,"column":17}},"113":{"start":{"line":196,"column":0},"end":{"line":202,"column":2}},"114":{"start":{"line":197,"column":4},"end":{"line":197,"column":12}},"115":{"start":{"line":198,"column":4},"end":{"line":200,"column":5}},"116":{"start":{"line":199,"column":8},"end":{"line":199,"column":31}},"117":{"start":{"line":201,"column":4},"end":{"line":201,"column":28}},"118":{"start":{"line":204,"column":0},"end":{"line":206,"column":2}},"119":{"start":{"line":205,"column":4},"end":{"line":205,"column":27}}},"branchMap":{"1":{"line":11,"type":"if","locations":[{"start":{"line":11,"column":4},"end":{"line":11,"column":4}},{"start":{"line":11,"column":4},"end":{"line":11,"column":4}}]},"2":{"line":14,"type":"binary-expr","locations":[{"start":{"line":14,"column":17},"end":{"line":14,"column":27}},{"start":{"line":14,"column":31},"end":{"line":14,"column":44}}]},"3":{"line":33,"type":"if","locations":[{"start":{"line":33,"column":4},"end":{"line":33,"column":4}},{"start":{"line":33,"column":4},"end":{"line":33,"column":4}}]},"4":{"line":41,"type":"binary-expr","locations":[{"start":{"line":41,"column":15},"end":{"line":41,"column":48}},{"start":{"line":41,"column":52},"end":{"line":41,"column":91}}]},"5":{"line":58,"type":"if","locations":[{"start":{"line":58,"column":4},"end":{"line":58,"column":4}},{"start":{"line":58,"column":4},"end":{"line":58,"column":4}}]},"6":{"line":59,"type":"if","locations":[{"start":{"line":59,"column":8},"end":{"line":59,"column":8}},{"start":{"line":59,"column":8},"end":{"line":59,"column":8}}]},"7":{"line":61,"type":"if","locations":[{"start":{"line":61,"column":15},"end":{"line":61,"column":15}},{"start":{"line":61,"column":15},"end":{"line":61,"column":15}}]},"8":{"line":68,"type":"if","locations":[{"start":{"line":68,"column":8},"end":{"line":68,"column":8}},{"start":{"line":68,"column":8},"end":{"line":68,"column":8}}]},"9":{"line":70,"type":"if","locations":[{"start":{"line":70,"column":15},"end":{"line":70,"column":15}},{"start":{"line":70,"column":15},"end":{"line":70,"column":15}}]},"10":{"line":82,"type":"if","locations":[{"start":{"line":82,"column":4},"end":{"line":82,"column":4}},{"start":{"line":82,"column":4},"end":{"line":82,"column":4}}]},"11":{"line":82,"type":"cond-expr","locations":[{"start":{"line":82,"column":21},"end":{"line":82,"column":35}},{"start":{"line":82,"column":38},"end":{"line":82,"column":55}}]},"12":{"line":83,"type":"if","locations":[{"start":{"line":83,"column":8},"end":{"line":83,"column":8}},{"start":{"line":83,"column":8},"end":{"line":83,"column":8}}]},"13":{"line":84,"type":"cond-expr","locations":[{"start":{"line":84,"column":59},"end":{"line":84,"column":75}},{"start":{"line":84,"column":78},"end":{"line":84,"column":93}}]},"14":{"line":87,"type":"cond-expr","locations":[{"start":{"line":88,"column":14},"end":{"line":88,"column":38}},{"start":{"line":89,"column":14},"end":{"line":89,"column":37}}]},"15":{"line":91,"type":"if","locations":[{"start":{"line":91,"column":8},"end":{"line":91,"column":8}},{"start":{"line":91,"column":8},"end":{"line":91,"column":8}}]},"16":{"line":96,"type":"if","locations":[{"start":{"line":96,"column":8},"end":{"line":96,"column":8}},{"start":{"line":96,"column":8},"end":{"line":96,"column":8}}]},"17":{"line":101,"type":"cond-expr","locations":[{"start":{"line":102,"column":14},"end":{"line":102,"column":38}},{"start":{"line":103,"column":14},"end":{"line":103,"column":37}}]},"18":{"line":105,"type":"if","locations":[{"start":{"line":105,"column":8},"end":{"line":105,"column":8}},{"start":{"line":105,"column":8},"end":{"line":105,"column":8}}]},"19":{"line":114,"type":"cond-expr","locations":[{"start":{"line":114,"column":33},"end":{"line":114,"column":47}},{"start":{"line":114,"column":50},"end":{"line":114,"column":67}}]},"20":{"line":119,"type":"if","locations":[{"start":{"line":119,"column":4},"end":{"line":119,"column":4}},{"start":{"line":119,"column":4},"end":{"line":119,"column":4}}]},"21":{"line":120,"type":"if","locations":[{"start":{"line":120,"column":8},"end":{"line":120,"column":8}},{"start":{"line":120,"column":8},"end":{"line":120,"column":8}}]},"22":{"line":121,"type":"if","locations":[{"start":{"line":121,"column":12},"end":{"line":121,"column":12}},{"start":{"line":121,"column":12},"end":{"line":121,"column":12}}]},"23":{"line":126,"type":"if","locations":[{"start":{"line":126,"column":12},"end":{"line":126,"column":12}},{"start":{"line":126,"column":12},"end":{"line":126,"column":12}}]},"24":{"line":134,"type":"if","locations":[{"start":{"line":134,"column":8},"end":{"line":134,"column":8}},{"start":{"line":134,"column":8},"end":{"line":134,"column":8}}]},"25":{"line":135,"type":"if","locations":[{"start":{"line":135,"column":12},"end":{"line":135,"column":12}},{"start":{"line":135,"column":12},"end":{"line":135,"column":12}}]},"26":{"line":140,"type":"if","locations":[{"start":{"line":140,"column":12},"end":{"line":140,"column":12}},{"start":{"line":140,"column":12},"end":{"line":140,"column":12}}]},"27":{"line":151,"type":"if","locations":[{"start":{"line":151,"column":4},"end":{"line":151,"column":4}},{"start":{"line":151,"column":4},"end":{"line":151,"column":4}}]},"28":{"line":152,"type":"if","locations":[{"start":{"line":152,"column":8},"end":{"line":152,"column":8}},{"start":{"line":152,"column":8},"end":{"line":152,"column":8}}]},"29":{"line":156,"type":"if","locations":[{"start":{"line":156,"column":8},"end":{"line":156,"column":8}},{"start":{"line":156,"column":8},"end":{"line":156,"column":8}}]},"30":{"line":161,"type":"if","locations":[{"start":{"line":161,"column":8},"end":{"line":161,"column":8}},{"start":{"line":161,"column":8},"end":{"line":161,"column":8}}]},"31":{"line":165,"type":"if","locations":[{"start":{"line":165,"column":8},"end":{"line":165,"column":8}},{"start":{"line":165,"column":8},"end":{"line":165,"column":8}}]},"32":{"line":173,"type":"if","locations":[{"start":{"line":173,"column":4},"end":{"line":173,"column":4}},{"start":{"line":173,"column":4},"end":{"line":173,"column":4}}]},"33":{"line":190,"type":"if","locations":[{"start":{"line":190,"column":4},"end":{"line":190,"column":4}},{"start":{"line":190,"column":4},"end":{"line":190,"column":4}}]}},"code":["\"use strict\";","","var Shim = require(\"./shim\");","var GenericCollection = require(\"./generic-collection\");","var GenericMap = require(\"./generic-map\");","","// Burgled from https://github.com/domenic/dict","","module.exports = Dict;","function Dict(values, getDefault) {","    if (!(this instanceof Dict)) {","        return new Dict(values, getDefault);","    }","    getDefault = getDefault || Function.noop;","    this.getDefault = getDefault;","    this.store = Object.create(null);","    this.length = 0;","    this.addEach(values);","}","","Dict.Dict = Dict; // hack so require(\"dict\").Dict will work in MontageJS.","","Object.addEach(Dict.prototype, GenericCollection.prototype);","Object.addEach(Dict.prototype, GenericMap.prototype);","","Dict.from = GenericCollection.from;","","Dict.prototype.constructClone = function (values) {","    return new this.constructor(values, this.getDefault);","};","","Dict.prototype.assertString = function (key) {","    if (typeof key !== \"string\") {","        throw new TypeError(\"key must be a string but Got \" + key);","    }","}","","Object.defineProperty(Dict.prototype,\"$__proto__\",{writable:true});","Object.defineProperty(Dict.prototype,\"_hasProto\",{","    get:function() {","        return this.hasOwnProperty(\"$__proto__\") && typeof this._protoValue !== \"undefined\";","    }","});","Object.defineProperty(Dict.prototype,\"_protoValue\",{","    get:function() {","        return this[\"$__proto__\"];","    },","    set: function(value) {","        this[\"$__proto__\"] = value;","    }","});","","Object.defineProperty(Dict.prototype,\"size\",GenericCollection._sizePropertyDescriptor);","","","Dict.prototype.get = function (key, defaultValue) {","    this.assertString(key);","    if (key === \"__proto__\") {","        if (this._hasProto) {","            return this._protoValue;","        } else if (arguments.length > 1) {","            return defaultValue;","        } else {","            return this.getDefault(key);","        }","    }","    else {","        if (key in this.store) {","            return this.store[key];","        } else if (arguments.length > 1) {","            return defaultValue;","        } else {","            return this.getDefault(key);","        }","    }","};","","Dict.prototype.set = function (key, value) {","    this.assertString(key);","    var isProtoKey = (key === \"__proto__\");","","    if (isProtoKey ? this._hasProto : key in this.store) { // update","        if (this.dispatchesMapChanges) {","            this.dispatchBeforeMapChange(key, isProtoKey ? this._protoValue : this.store[key]);","        }","","        isProtoKey","            ? this._protoValue = value","            : this.store[key] = value;","","        if (this.dispatchesMapChanges) {","            this.dispatchMapChange(key, value);","        }","        return false;","    } else { // create","        if (this.dispatchesMapChanges) {","            this.dispatchBeforeMapChange(key, undefined);","        }","        this.length++;","","        isProtoKey","            ? this._protoValue = value","            : this.store[key] = value;","","        if (this.dispatchesMapChanges) {","            this.dispatchMapChange(key, value);","        }","        return true;","    }","};","","Dict.prototype.has = function (key) {","    this.assertString(key);","    return key === \"__proto__\" ? this._hasProto : key in this.store;","};","","Dict.prototype[\"delete\"] = function (key) {","    this.assertString(key);","    if (key === \"__proto__\") {","        if (this._hasProto) {","            if (this.dispatchesMapChanges) {","                this.dispatchBeforeMapChange(key, this._protoValue);","            }","            this._protoValue = undefined;","            this.length--;","            if (this.dispatchesMapChanges) {","                this.dispatchMapChange(key, undefined);","            }","            return true;","        }","        return false;","    }","    else {","        if (key in this.store) {","            if (this.dispatchesMapChanges) {","                this.dispatchBeforeMapChange(key, this.store[key]);","            }","            delete this.store[key];","            this.length--;","            if (this.dispatchesMapChanges) {","                this.dispatchMapChange(key, undefined);","            }","            return true;","        }","        return false;","    }","};","","Dict.prototype.clear = function () {","    var key;","    if (this._hasProto) {","        if (this.dispatchesMapChanges) {","            this.dispatchBeforeMapChange(\"__proto__\", this._protoValue);","        }","        this._protoValue = undefined;","        if (this.dispatchesMapChanges) {","            this.dispatchMapChange(\"__proto__\", undefined);","        }","    }","    for (key in this.store) {","        if (this.dispatchesMapChanges) {","            this.dispatchBeforeMapChange(key, this.store[key]);","        }","        delete this.store[key];","        if (this.dispatchesMapChanges) {","            this.dispatchMapChange(key, undefined);","        }","    }","    this.length = 0;","};","","Dict.prototype.reduce = function (callback, basis, thisp) {","    if(this._hasProto) {","        basis = callback.call(thisp, basis, \"$__proto__\", \"__proto__\", this);","    }","    var store = this.store;","    for (var key in this.store) {","        basis = callback.call(thisp, basis, store[key], key, this);","    }","    return basis;","};","","Dict.prototype.reduceRight = function (callback, basis, thisp) {","    var self = this;","    var store = this.store;","    basis = Object.keys(this.store).reduceRight(function (basis, key) {","        return callback.call(thisp, basis, store[key], key, self);","    }, basis);","","    if(this._hasProto) {","        return callback.call(thisp, basis, this._protoValue, \"__proto__\", self);","    }","    return basis;","};","","Dict.prototype.one = function () {","    var key;","    for (key in this.store) {","        return this.store[key];","    }","    return this._protoValue;","};","","Dict.prototype.toJSON = function () {","    return this.toObject();","};",""],"l":{"3":4,"4":0,"5":0,"9":0,"10":1,"11":0,"12":0,"14":0,"15":0,"16":0,"17":0,"18":0,"21":0,"23":0,"24":0,"26":0,"28":0,"29":0,"32":0,"33":0,"34":0,"38":0,"39":0,"41":0,"44":0,"46":0,"49":0,"53":0,"56":0,"57":0,"58":0,"59":0,"60":0,"61":0,"62":0,"64":0,"68":0,"69":0,"70":0,"71":0,"73":0,"78":0,"79":0,"80":0,"82":0,"83":0,"84":0,"87":0,"91":0,"92":0,"94":0,"96":0,"97":0,"99":0,"101":0,"105":0,"106":0,"108":0,"112":0,"113":0,"114":0,"117":0,"118":0,"119":0,"120":0,"121":0,"122":0,"124":0,"125":0,"126":0,"127":0,"129":0,"131":0,"134":0,"135":0,"136":0,"138":0,"139":0,"140":0,"141":0,"143":0,"145":0,"149":0,"150":0,"151":0,"152":0,"153":0,"155":0,"156":0,"157":0,"160":0,"161":0,"162":0,"164":0,"165":0,"166":0,"169":0,"172":0,"173":0,"174":0,"176":0,"177":0,"178":0,"180":0,"183":0,"184":0,"185":0,"186":0,"187":0,"190":0,"191":0,"193":0,"196":0,"197":0,"198":0,"199":0,"201":0,"204":0,"205":0}},"/home/travis/build/npmtest/node-npmtest-collections/node_modules/collections/_fast-set.js":{"path":"/home/travis/build/npmtest/node-npmtest-collections/node_modules/collections/_fast-set.js","s":{"1":2,"2":0,"3":0,"4":0,"5":0,"6":0,"7":0,"8":0,"9":1,"10":0,"11":0,"12":0,"13":0,"14":0,"15":0,"16":0,"17":0,"18":0,"19":0,"20":0,"21":0,"22":0,"23":0,"24":0,"25":0,"26":0,"27":0,"28":0,"29":0,"30":0,"31":0,"32":0,"33":0,"34":0,"35":0,"36":0,"37":0,"38":0,"39":0,"40":0,"41":0,"42":0,"43":0,"44":0,"45":0,"46":0,"47":0,"48":0,"49":0,"50":0,"51":0,"52":0,"53":0,"54":0,"55":0,"56":0,"57":0,"58":0,"59":0,"60":0,"61":0,"62":0,"63":0,"64":0,"65":0,"66":0,"67":0,"68":0,"69":0,"70":0,"71":0,"72":0,"73":0,"74":0,"75":0,"76":0,"77":0,"78":0,"79":0,"80":0,"81":0,"82":0,"83":0,"84":0,"85":0,"86":0,"87":0,"88":0,"89":0,"90":0,"91":0,"92":0,"93":0,"94":0,"95":0,"96":0,"97":0,"98":0,"99":0,"100":0,"101":0,"102":0,"103":0,"104":0,"105":0,"106":0,"107":0,"108":0,"109":0,"110":0,"111":0,"112":0,"113":0,"114":0,"115":0,"116":0,"117":0,"118":0},"b":{"1":[0,0],"2":[0,0],"3":[0,0],"4":[0,0],"5":[0,0],"6":[0,0],"7":[0,0],"8":[0,0],"9":[0,0],"10":[0,0],"11":[0,0],"12":[0,0],"13":[0,0],"14":[0,0],"15":[0,0],"16":[0,0],"17":[0,0],"18":[0,0],"19":[0,0],"20":[0,0],"21":[0,0]},"f":{"1":0,"2":0,"3":0,"4":0,"5":0,"6":0,"7":0,"8":0,"9":0,"10":0,"11":0,"12":0,"13":0,"14":0,"15":0,"16":0,"17":0,"18":0,"19":0},"fnMap":{"1":{"name":"FastSet","line":14,"loc":{"start":{"line":14,"column":0},"end":{"line":14,"column":51}}},"2":{"name":"getDefaultBucket","line":25,"loc":{"start":{"line":25,"column":42},"end":{"line":25,"column":70}}},"3":{"name":"(anonymous_3)","line":41,"loc":{"start":{"line":41,"column":35},"end":{"line":41,"column":53}}},"4":{"name":"(anonymous_4)","line":50,"loc":{"start":{"line":50,"column":24},"end":{"line":50,"column":41}}},"5":{"name":"(anonymous_5)","line":55,"loc":{"start":{"line":55,"column":24},"end":{"line":55,"column":49}}},"6":{"name":"(anonymous_6)","line":68,"loc":{"start":{"line":68,"column":30},"end":{"line":68,"column":55}}},"7":{"name":"(anonymous_7)","line":87,"loc":{"start":{"line":87,"column":26},"end":{"line":87,"column":38}}},"8":{"name":"(anonymous_8)","line":92,"loc":{"start":{"line":92,"column":24},"end":{"line":92,"column":41}}},"9":{"name":"(anonymous_9)","line":106,"loc":{"start":{"line":106,"column":27},"end":{"line":106,"column":66}}},"10":{"name":"(anonymous_10)","line":110,"loc":{"start":{"line":110,"column":26},"end":{"line":110,"column":51}}},"11":{"name":"(anonymous_11)","line":111,"loc":{"start":{"line":111,"column":29},"end":{"line":111,"column":53}}},"12":{"name":"(anonymous_12)","line":117,"loc":{"start":{"line":117,"column":24},"end":{"line":117,"column":36}}},"13":{"name":"(anonymous_13)","line":123,"loc":{"start":{"line":123,"column":28},"end":{"line":123,"column":40}}},"14":{"name":"(anonymous_14)","line":127,"loc":{"start":{"line":127,"column":24},"end":{"line":127,"column":69}}},"15":{"name":"(anonymous_15)","line":153,"loc":{"start":{"line":153,"column":23},"end":{"line":153,"column":46}}},"16":{"name":"(anonymous_16)","line":164,"loc":{"start":{"line":164,"column":16},"end":{"line":164,"column":32}}},"17":{"name":"(anonymous_17)","line":172,"loc":{"start":{"line":172,"column":16},"end":{"line":172,"column":32}}},"18":{"name":"(anonymous_18)","line":224,"loc":{"start":{"line":224,"column":28},"end":{"line":224,"column":51}}},"19":{"name":"(anonymous_19)","line":227,"loc":{"start":{"line":227,"column":59},"end":{"line":227,"column":75}}}},"statementMap":{"1":{"start":{"line":3,"column":0},"end":{"line":3,"column":29}},"2":{"start":{"line":4,"column":0},"end":{"line":4,"column":30}},"3":{"start":{"line":5,"column":0},"end":{"line":5,"column":30}},"4":{"start":{"line":6,"column":0},"end":{"line":6,"column":56}},"5":{"start":{"line":7,"column":0},"end":{"line":7,"column":42}},"6":{"start":{"line":8,"column":0},"end":{"line":8,"column":36}},"7":{"start":{"line":10,"column":0},"end":{"line":10,"column":49}},"8":{"start":{"line":12,"column":0},"end":{"line":12,"column":25}},"9":{"start":{"line":14,"column":0},"end":{"line":30,"column":1}},"10":{"start":{"line":15,"column":4},"end":{"line":17,"column":5}},"11":{"start":{"line":16,"column":8},"end":{"line":16,"column":61}},"12":{"start":{"line":18,"column":4},"end":{"line":18,"column":37}},"13":{"start":{"line":19,"column":4},"end":{"line":19,"column":31}},"14":{"start":{"line":20,"column":4},"end":{"line":20,"column":45}},"15":{"start":{"line":21,"column":4},"end":{"line":21,"column":32}},"16":{"start":{"line":22,"column":4},"end":{"line":22,"column":28}},"17":{"start":{"line":23,"column":4},"end":{"line":23,"column":33}},"18":{"start":{"line":24,"column":4},"end":{"line":24,"column":20}},"19":{"start":{"line":25,"column":4},"end":{"line":27,"column":7}},"20":{"start":{"line":26,"column":8},"end":{"line":26,"column":33}},"21":{"start":{"line":28,"column":4},"end":{"line":28,"column":20}},"22":{"start":{"line":29,"column":4},"end":{"line":29,"column":25}},"23":{"start":{"line":32,"column":0},"end":{"line":32,"column":26}},"24":{"start":{"line":34,"column":0},"end":{"line":34,"column":63}},"25":{"start":{"line":35,"column":0},"end":{"line":35,"column":56}},"26":{"start":{"line":36,"column":0},"end":{"line":36,"column":38}},"27":{"start":{"line":38,"column":0},"end":{"line":38,"column":33}},"28":{"start":{"line":39,"column":0},"end":{"line":39,"column":32}},"29":{"start":{"line":41,"column":0},"end":{"line":48,"column":2}},"30":{"start":{"line":42,"column":4},"end":{"line":47,"column":6}},"31":{"start":{"line":50,"column":0},"end":{"line":53,
[...]
   if (this.contentCompare(this.root.value, value) <= 0) {","            return this.root.getNext();","        } else {","            return this.root;","        }","    }","};","","SortedSet.prototype.pop = function () {","    if (this.root) {","        var found = this.findGreatest();","        this[\"delete\"](found.value);","        return found.value;","    }","};","","SortedSet.prototype.shift = function () {","    if (this.root) {","        var found = this.findLeast();","        this[\"delete\"](found.value);","        return found.value;","    }","};","","SortedSet.prototype.push = function () {","    this.addEach(arguments);","};","","SortedSet.prototype.unshift = function () {","    this.addEach(arguments);","};","","SortedSet.prototype.slice = function (start, end) {","    var temp;","    start = start || 0;","    end = end || this.length;","    if (start < 0) {","        start += this.length;","    }","    if (end < 0) {","        end += this.length;","    }","    var sliced = [];","    if (this.root) {","        this.splayIndex(start);","        while (this.root.index < end) {","            sliced.push(this.root.value);","            if (!this.root.right) {","                break;","            }","            this.splay(this.root.getNext().value);","        }","    }","    return sliced;","};","","SortedSet.prototype.splice = function (at, length /*...plus*/) {","    return this.swap(at, length, Array.prototype.slice.call(arguments, 2));","};","","SortedSet.prototype.swap = function (start, length, plus) {","    if (start === undefined && length === undefined) {","        return [];","    }","    start = start || 0;","    if (start < 0) {","        start += this.length;","    }","    if (length === undefined) {","        length = Infinity;","    }","    var swapped = [];","","    if (this.root) {","","        // start","        this.splayIndex(start);","","        // minus length","        for (var i = 0; i < length; i++) {","            swapped.push(this.root.value);","            var next = this.root.getNext();","            this[\"delete\"](this.root.value);","            if (!next) {","                break;","            }","            this.splay(next.value);","        }","    }","","    // plus","    this.addEach(plus);","","    return swapped;","};","","// This is the simplified top-down splaying algorithm from: \"Self-adjusting","// Binary Search Trees\" by Sleator and Tarjan. Guarantees that root.value","// equals value if value exists. If value does not exist, then root will be","// the node whose value either immediately preceeds or immediately follows value.","// - as described in https://github.com/hij1nx/forest","SortedSet.prototype.splay = function (value) {","    var stub, left, right, temp, root, history;","","    if (!this.root) {","        return;","    }","","    // Create a stub node.  The use of the stub node is a bit","    // counter-intuitive: The right child of the stub node will hold the L tree","    // of the algorithm.  The left child of the stub node will hold the R tree","    // of the algorithm.  Using a stub node, left and right will always be","    // nodes and we avoid special cases.","    // - http://code.google.com/p/v8/source/browse/branches/bleeding_edge/src/splay-tree-inl.h","    stub = left = right = new this.Node();","    // The history is an upside down tree used to propagate new tree sizes back","    // up the left and right arms of a traversal.  The right children of the","    // transitive left side of the tree will be former roots while linking","    // left.  The left children of the transitive walk to the right side of the","    // history tree will all be previous roots from linking right.  The last","    // node of the left and right traversal will each become a child of the new","    // root.","    history = new this.Node();","    root = this.root;","","    while (true) {","        var comparison = this.contentCompare(value, root.value);","        if (comparison < 0) {","            if (root.left) {","                if (this.contentCompare(value, root.left.value) < 0) {","                    // rotate right","                    //        Root         L(temp)","                    //      /     \\       / \\","                    //     L(temp) R    LL    Root","                    //    / \\                /    \\","                    //  LL   LR            LR      R","                    temp = root.left;","                    root.left = temp.right;","                    root.touch();","                    temp.right = root;","                    temp.touch();","                    root = temp;","                    if (!root.left) {","                        break;","                    }","                }","                // remember former root for repropagating length","                temp = new Node();","                temp.right = root;","                temp.left = history.left;","                history.left = temp;","                // link left","                right.left = root;","                right.touch();","                right = root;","                root = root.left;","            } else {","                break;","            }","        } else if (comparison > 0) {","            if (root.right) {","                if (this.contentCompare(value, root.right.value) > 0) {","                    // rotate left","                    //        Root         L(temp)","                    //      /     \\       / \\","                    //     L(temp) R    LL    Root","                    //    / \\                /    \\","                    //  LL   LR            LR      R","                    temp = root.right;","                    root.right = temp.left;","                    root.touch();","                    temp.left = root;","                    temp.touch();","                    root = temp;","                    if (!root.right) {","                        break;","                    }","                }","                // remember former root for repropagating length","                temp = new Node();","                temp.left = root;","                temp.right = history.right;","                history.right = temp;","                // link right","                left.right = root;","                left.touch();","                left = root;","                root = root.right;","            } else {","                break;","            }","        } else { // equal or incomparable","            break;","        }","    }","","    // reassemble","    left.right = root.left;","    left.touch();","    right.left = root.right;","    right.touch();","    root.left = stub.right;","    root.right = stub.left;","","    // propagate new lengths","    while (history.left) {","        history.left.right.touch();","        history.left = history.left.left;","    }","    while (history.right) {","        history.right.left.touch();","        history.right = history.right.right;","    }","    root.touch();","","    this.root = root;","};","","// an internal utility for splaying a node based on its index","SortedSet.prototype.splayIndex = function (index) {","    if (this.root) {","        var at = this.root;","        var atIndex = this.root.index;","","        while (atIndex !== index) {","            if (atIndex > index && at.left) {","                at = at.left;","                atIndex -= 1 + (at.right ? at.right.length : 0);","            } else if (atIndex < index && at.right) {","                at = at.right;","                atIndex += 1 + (at.left ? at.left.length : 0);","            } else {","                break;","            }","        }","","        this.splay(at.value);","","        return this.root.index === index;","    }","    return false;","};","","SortedSet.prototype.reduce = function (callback, basis, thisp) {","    if (this.root) {","        basis = this.root.reduce(callback, basis, 0, thisp, this);","    }","    return basis;","};","","SortedSet.prototype.reduceRight = function (callback, basis, thisp) {","    if (this.root) {","        basis = this.root.reduceRight(callback, basis, this.length - 1, thisp, this);","    }","    return basis;","};","","SortedSet.prototype.min = function (at) {","    var least = this.findLeast(at);","    if (least) {","        return least.value;","    }","};","","SortedSet.prototype.max = function (at) {","    var greatest = this.findGreatest(at);","    if (greatest) {","        return greatest.value;","    }","};","","SortedSet.prototype.one = function () {","    return this.min();","};","","SortedSet.prototype.clear = function () {","    var minus;","    if (this.dispatchesRangeChanges) {","        minus = this.toArray();","        this.dispatchBeforeRangeChange([], minus, 0);","    }","    this.root = null;","    this.length = 0;","    if (this.dispatchesRangeChanges) {","        this.dispatchRangeChange([], minus, 0);","    }","};","","SortedSet.prototype.iterate = function (start, end) {","    return new this.Iterator(this, start, end);","};","","SortedSet.prototype.Iterator = Iterator;","","SortedSet.prototype.summary = function () {","    if (this.root) {","        return this.root.summary();","    } else {","        return \"()\";","    }","};","","SortedSet.prototype.log = function (charmap, logNode, callback, thisp) {","    charmap = charmap || TreeLog.unicodeRound;","    logNode = logNode || this.logNode;","    if (!callback) {","        callback = console.log;","        thisp = console;","    }","    callback = callback.bind(thisp);","    if (this.root) {","        this.root.log(charmap, logNode, callback, callback);","    }","};","","SortedSet.prototype.logNode = function (node, log, logBefore) {","    log(\" \" + node.value);","};","","SortedSet.logCharsets = TreeLog;","","SortedSet.prototype.Node = Node;","","function Node(value) {","    this.value = value;","    this.left = null;","    this.right = null;","    this.length = 1;","}","","// TODO case where no basis is provided for reduction","","Node.prototype.reduce = function (callback, basis, index, thisp, tree, depth) {","    depth = depth || 0;","    if (this.left) {","        // prerecord length to be resistant to mutation","        var length = this.left.length;","        basis = this.left.reduce(callback, basis, index, thisp, tree, depth + 1);","        index += length;","    }","    basis = callback.call(thisp, basis, this.value, index, tree, this, depth);","    index += 1;","    if (this.right) {","        basis = this.right.reduce(callback, basis, index, thisp, tree, depth + 1);","    }","    return basis;","};","","Node.prototype.reduceRight = function (callback, basis, index, thisp, tree, depth) {","    depth = depth || 0;","    if (this.right) {","        basis = this.right.reduce(callback, basis, index, thisp, tree, depth + 1);","        index -= this.right.length;","    }","    basis = callback.call(thisp, basis, this.value, this.value, tree, this, depth);","    index -= 1;","    if (this.left) {","        basis = this.left.reduce(callback, basis, index, thisp, tree, depth + 1);","    }","    return basis;","};","","Node.prototype.touch = function () {","    this.length = 1 +","        (this.left ? this.left.length : 0) +","        (this.right ? this.right.length : 0);","    this.index = this.left ? this.left.length : 0;","};","","Node.prototype.checkIntegrity = function () {","    var length = 1;","    length += this.left ? this.left.checkIntegrity() : 0;","    length += this.right ? this.right.checkIntegrity() : 0;","    if (this.length !== length)","        throw new Error(\"Integrity check failed: \" + this.summary());","    return length;","}","","// get the next node in this subtree","Node.prototype.getNext = function () {","    var node = this;","    if (node.right) {","        node = node.right;","        while (node.left) {","            node = node.left;","        }","        return node;","    }","};","","// get the previous node in this subtree","Node.prototype.getPrevious = function () {","    var node = this;","    if (node.left) {","        node = node.left;","        while (node.right) {","            node = node.right;","        }","        return node;","    }","};","","Node.prototype.summary = function () {","    var value = this.value || \"-\";","    value += \" <\" + this.length;","    if (!this.left && !this.right) {","        return \"(\" + value + \")\";","    }","    return \"(\" + value + \" \" + (","        this.left ? this.left.summary() : \"()\"","    ) + \", \" + (","        this.right ? this.right.summary() : \"()\"","    ) + \")\";","};","","Node.prototype.log = function (charmap, logNode, log, logAbove) {","    var self = this;","","    var branch;","    if (this.left && this.right) {","        branch = charmap.intersection;","    } else if (this.left) {","        branch = charmap.branchUp;","    } else if (this.right) {","        branch = charmap.branchDown;","    } else {","        branch = charmap.through;","    }","","    var loggedAbove;","    this.left && this.left.log(","        charmap,","        logNode,","        function innerWrite(line) {","            if (!loggedAbove) {","                loggedAbove = true;","                // leader","                logAbove(charmap.fromBelow + charmap.through + line);","            } else {","                // below","                logAbove(charmap.strafe + \" \" + line);","            }","        },","        function innerWriteAbove(line) {","            // above","            logAbove(\"  \" + line);","        }","    );","","    var loggedOn;","    logNode(","        this,","        function innerWrite(line) {","            if (!loggedOn) {","                loggedOn = true;","                log(branch + line);","            } else {","                log((self.right ? charmap.strafe : \" \") + line);","            }","        },","        function innerWriteAbove(line) {","            logAbove((self.left ? charmap.strafe : \" \") + line);","        }","    );","","    var loggedBelow;","    this.right && this.right.log(","        charmap,","        logNode,","        function innerWrite(line) {","            if (!loggedBelow) {","                loggedBelow = true;","                log(charmap.fromAbove + charmap.through + line);","            } else {","                log(\"  \" + line);","            }","        },","        function innerWriteAbove(line) {","            log(charmap.strafe + \" \" + line);","        }","    );","};","","function Iterator(set, start, end) {","    this.set = set;","    this.prev = null;","    this.end = end;","    if (start) {","        var next = this.set.findLeastGreaterThanOrEqual(start);","        if (next) {","            this.set.splay(next.value);","            this.prev = next.getPrevious();","        }","    }","}","Iterator.prototype.__iterationObject = null;","Object.defineProperty(Iterator.prototype,\"_iterationObject\", {","    get: function() {","        return this.__iterationObject || (this.__iterationObject = { done: false, value:null});","    }","});","","Iterator.prototype.next = function () {","    var next;","    if (this.prev) {","        next = this.set.findLeastGreaterThan(this.prev.value);","    } else {","        next = this.set.findLeast();","    }","    if (!next) {","        this._iterationObject.done = true;","        this._iterationObject.value = void 0;","    }","    else {","        if (","            this.end !== undefined &&","            this.set.contentCompare(next.value, this.end) >= 0","        ) {","            this._iterationObject.done = true;","            this._iterationObject.value = void 0;","        }","        else {","            this.prev = next;","            this._iterationObject.value =  next.value;","        }","","    }","    return this._iterationObject;","};",""],"l":{"3":2,"5":2,"6":0,"7":0,"8":0,"9":0,"10":0,"12":1,"13":0,"14":0,"16":0,"17":0,"18":0,"19":0,"20":0,"21":0,"25":0,"27":0,"28":0,"29":0,"30":0,"31":0,"32":0,"34":0,"36":0,"37":0,"45":0,"46":0,"47":0,"49":0,"50":0,"51":0,"53":0,"57":0,"58":0,"59":0,"61":0,"62":0,"63":0,"64":0,"67":0,"70":0,"71":0,"72":0,"73":0,"74":0,"75":0,"76":0,"77":0,"79":0,"80":0,"82":0,"90":0,"91":0,"92":0,"93":0,"102":0,"103":0,"104":0,"105":0,"107":0,"108":0,"109":0,"110":0,"111":0,"113":0,"116":0,"117":0,"119":0,"120":0,"121":0,"122":0,"124":0,"126":0,"129":0,"130":0,"131":0,"133":0,"134":0,"135":0,"136":0,"137":0,"138":0,"140":0,"141":0,"144":0,"145":0,"149":0,"151":0,"153":0,"154":0,"155":0,"157":0,"158":0,"160":0,"163":0,"166":0,"167":0,"168":0,"170":0,"171":0,"172":0,"173":0,"176":0,"179":0,"180":0,"181":0,"183":0,"186":0,"188":0,"189":0,"190":0,"191":0,"196":0,"197":0,"198":0,"199":0,"200":0,"202":0,"206":0,"207":0,"208":0,"209":0,"210":0,"212":0,"216":0,"217":0,"218":0,"219":0,"220":0,"222":0,"227":0,"228":0,"229":0,"230":0,"231":0,"233":0,"238":0,"239":0,"240":0,"241":0,"242":0,"244":0,"249":0,"250":0,"251":0,"252":0,"253":0,"255":0,"260":0,"261":0,"262":0,"263":0,"264":0,"268":0,"269":0,"270":0,"271":0,"272":0,"276":0,"277":0,"280":0,"281":0,"284":0,"285":0,"286":0,"287":0,"288":0,"289":0,"291":0,"292":0,"294":0,"295":0,"296":0,"297":0,"298":0,"299":0,"300":0,"302":0,"305":0,"308":0,"309":0,"312":0,"313":0,"314":0,"316":0,"317":0,"318":0,"320":0,"321":0,"323":0,"325":0,"328":0,"331":0,"332":0,"333":0,"334":0,"335":0,"336":0,"338":0,"343":0,"345":0,"353":0,"354":0,"356":0,"357":0,"366":0,"374":0,"375":0,"377":0,"378":0,"379":0,"380":0,"381":0,"388":0,"389":0,"390":0,"391":0,"392":0,"393":0,"394":0,"395":0,"399":0,"400":0,"401":0,"402":0,"404":0,"405":0,"406":0,"407":0,"409":0,"411":0,"412":0,"413":0,"420":0,"421":0,"422":0,"423":0,"424":0,"425":0,"426":0,"427":0,"431":0,"432":0,"433":0,"434":0,"436":0,"437":0,"438":0,"439":0,"441":0,"444":0,"449":0,"450":0,"451":0,"452":0,"453":0,"454":0,"457":0,"458":0,"459":0,"461":0,"462":0,"463":0,"465":0,"467":0,"471":0,"472":0,"473":0,"474":0,"476":0,"477":0,"478":0,"479":0,"480":0,"481":0,"482":0,"484":0,"488":0,"490":0,"492":0,"495":0,"496":0,"497":0,"499":0,"502":0,"503":0,"504":0,"506":0,"509":0,"510":0,"511":0,"512":0,"516":0,"517":0,"518":0,"519":0,"523":0,"524":0,"527":0,"528":0,"529":0,"530":0,"531":0,"533":0,"534":0,"535":0,"536":0,"540":0,"541":0,"544":0,"546":0,"547":0,"548":0,"550":0,"554":0,"555":0,"556":0,"557":0,"558":0,"559":0,"561":0,"562":0,"563":0,"567":0,"568":0,"571":0,"573":0,"575":1,"576":0,"577":0,"578":0,"579":0,"584":0,"585":0,"586":0,"588":0,"589":0,"590":0,"592":0,"593":0,"594":0,"595":0,"597":0,"600":0,"601":0,"602":0,"603":0,"604":0,"606":0,"607":0,"608":0,"609":0,"611":0,"614":0,"615":0,"618":0,"621":0,"622":0,"623":0,"624":0,"625":0,"626":0,"627":0,"631":0,"632":0,"633":0,"634":0,"635":0,"636":0,"638":0,"643":0,"644":0,"645":0,"646":0,"647":0,"648":0,"650":0,"654":0,"655":0,"656":0,"657":0,"658":0,"660":0,"667":0,"668":0,"670":0,"671":0,"672":0,"673":0,"674":0,"675":0,"676":0,"678":0,"681":0,"682":0,"686":0,"687":0,"689":0,"692":0,"697":0,"701":0,"702":0,"705":0,"706":0,"707":0,"709":0,"713":0,"717":0,"718":0,"722":0,"723":0,"724":0,"726":0,"730":0,"735":1,"736":0,"737":0,"738":0,"739":0,"740":0,"741":0,"742":0,"743":0,"747":0,"748":0,"750":0,"754":0,"755":0,"756":0,"757":0,"759":0,"761":0,"762":0,"763":0,"766":0,"770":0,"771":0,"774":0,"775":0,"779":0}},"/home/travis/build/npmtest/node-npmtest-collections/node_modules/collections/weak-map.js":{"path":"/home/travis/build/npmtest/node-npmtest-collections/node_modules/collections/weak-map.js","s":{"1":1},"b":{"1":[1,0]},"f":{},"fnMap":{},"statementMap":{"1":{"start":{"line":1,"column":0},"end":{"line":1,"column":84}}},"branchMap":{"1":{"line":1,"type":"cond-expr","locations":[{"start":{"line":1,"column":47},"end":{"line":1,"column":61}},{"start":{"line":1,"column":64},"end":{"line":1,"column":83}}]}},"code":["module.exports = (global.WeakMap !== void 0) ? global.WeakMap : require(\"weak-map\");",""],"l":{"1":1}}}